python train_botnet.py --devid 0 --data_dir ./data/botnet --data_name chord --batch_size 2 --enc_sizes 32 32 32 32 32 32 32 32 32 32 32 32 --act relu --residual_hop 1 --deg_norm rw --final proj --epochs 50 --lr 0.005 --early_stop 1 --save_dir ./saved_models --save_name chord_model_lay12_rh1_int_rw_ep50.pt
------------------------------
Namespace(devid=0, seed=0, logmode='w', log_interval=96, data_dir='./data/botnet', data_name='chord', batch_size=2, in_memory=True, shuffle=False, in_channels=1, enc_sizes=[32, 32, 32, 32, 32, 32, 32, 32, 32, 32, 32, 32], act='relu', layer_act='none', residual_hop=1, edge_gate='none', n_classes=2, nodemodel='additive', final='proj', nheads=[1], att_act='lrelu', att_dropout=0, att_dir='in', att_combine='cat', att_combine_out='cat', deg_norm='rw', aggr='add', dropout=0.0, bias=True, lr=0.005, weight_decay=0.0005, epochs=50, early_stop=1, save_dir='./saved_models', save_name='chord_model_lay12_rh1_int_rw_ep50.pt')
------------------------------
Fri Dec 12 04:23:15 2025
------------------------------
loading dataset...
model ----------
GCNModel(
  (gcn_net): ModuleList(
    (0): GCNLayer(
      (gcn): NodeModelAdditive (in_channels: 1, out_channels: 32, in_edgedim: None, deg_norm: rw, edge_gate: NoneType,aggr: add | number of parameters: 64)
      (non_linear): Identity()
    )
    (1-11): 11 x GCNLayer(
      (gcn): NodeModelAdditive (in_channels: 32, out_channels: 32, in_edgedim: None, deg_norm: rw, edge_gate: NoneType,aggr: add | number of parameters: 1056)
      (non_linear): Identity()
    )
  )
  (dropout): Dropout(p=0.0, inplace=False)
  (residuals): ModuleList(
    (0): Linear(in_features=1, out_features=32, bias=False)
    (1-11): 11 x Identity()
  )
  (non_linear): ReLU()
  (final): Linear(in_features=32, out_features=2, bias=True)
)
epoch: 1, passed number of graphs: 96, train running loss: 11158.86439 (passed time: 5s)
          acc: 0.94261, fpr: 0.00033, fnr: 0.82485, rec: 0.17515, prc: 0.97522, f1: 0.29697, auroc: 0.58913
epoch: 1, passed number of graphs: 192, train running loss: 5721.52526 (passed time: 10s)
          acc: 0.93001, fpr: 0.04324, fnr: 0.42655, rec: 0.57345, prc: 0.49878, f1: 0.53352, auroc: 0.76644
epoch: 1, passed number of graphs: 288, train running loss: 3912.65953 (passed time: 15s)
          acc: 0.95416, fpr: 0.00243, fnr: 0.62930, rec: 0.37070, prc: 0.91905, f1: 0.52831, auroc: 0.68748
epoch: 1, passed number of graphs: 384, train running loss: 2979.73700 (passed time: 20s)
          acc: 0.93547, fpr: 0.03877, fnr: 0.40195, rec: 0.59805, prc: 0.54088, f1: 0.56803, auroc: 0.78229
epoch: 1, passed number of graphs: 480, train running loss: 2396.32840 (passed time: 26s)
          acc: 0.96185, fpr: 0.00104, fnr: 0.52620, rec: 0.47380, prc: 0.97190, f1: 0.63704, auroc: 0.74373
epoch: 1, passed number of graphs: 576, train running loss: 2030.20966 (passed time: 31s)
          acc: 0.94271, fpr: 0.03251, fnr: 0.39100, rec: 0.60900, prc: 0.58175, f1: 0.59506, auroc: 0.79023
epoch: 1, passed number of graphs: 672, train running loss: 1746.86935 (passed time: 36s)
          acc: 0.95121, fpr: 0.04021, fnr: 0.16430, rec: 0.83570, prc: 0.60708, f1: 0.70327, auroc: 0.90348
epoch: 1, passed number of graphs: 768, train running loss: 1537.86645 (passed time: 41s)
          acc: 0.94122, fpr: 0.05289, fnr: 0.13785, rec: 0.86215, prc: 0.54835, f1: 0.67035, auroc: 0.90995
Validation --- epoch: 1, loss: 77.58421
          rec: 0.84743, fnr: 0.15257, fpr: 0.03733, auroc: 0.91057, f1: 0.72268, acc: 0.95465, prc: 0.63066
model saved at ./saved_models/chord_model_lay12_rh1_int_rw_ep50.pt.
epoch: 2, passed number of graphs: 96, train running loss: 72.67525 (passed time: 53s)
          acc: 0.97621, fpr: 0.00345, fnr: 0.29735, rec: 0.70265, prc: 0.93812, f1: 0.80349, auroc: 0.85769
epoch: 2, passed number of graphs: 192, train running loss: 69.72222 (passed time: 58s)
          acc: 0.96050, fpr: 0.01576, fnr: 0.35585, rec: 0.64415, prc: 0.75410, f1: 0.69480, auroc: 0.81982
epoch: 2, passed number of graphs: 288, train running loss: 74.48301 (passed time: 1m 3s)
          acc: 0.96187, fpr: 0.01079, fnr: 0.40565, rec: 0.59435, prc: 0.80394, f1: 0.68344, auroc: 0.80004
epoch: 2, passed number of graphs: 384, train running loss: 68.17798 (passed time: 1m 8s)
          acc: 0.95576, fpr: 0.03958, fnr: 0.10520, rec: 0.89480, prc: 0.63320, f1: 0.74160, auroc: 0.93339
epoch: 2, passed number of graphs: 480, train running loss: 59.42918 (passed time: 1m 13s)
          acc: 0.96908, fpr: 0.02330, fnr: 0.13115, rec: 0.86885, prc: 0.73929, f1: 0.79885, auroc: 0.92990
epoch: 2, passed number of graphs: 576, train running loss: 53.97327 (passed time: 1m 18s)
          acc: 0.97126, fpr: 0.02251, fnr: 0.11265, rec: 0.88735, prc: 0.74536, f1: 0.81018, auroc: 0.94044
epoch: 2, passed number of graphs: 672, train running loss: 48.39521 (passed time: 1m 24s)
          acc: 0.97020, fpr: 0.02385, fnr: 0.10980, rec: 0.89020, prc: 0.73503, f1: 0.80521, auroc: 0.94093
epoch: 2, passed number of graphs: 768, train running loss: 43.99470 (passed time: 1m 29s)
          acc: 0.97809, fpr: 0.01406, fnr: 0.12735, rec: 0.87265, prc: 0.82213, f1: 0.84664, auroc: 0.93709
Validation --- epoch: 2, loss: 31.27880
          rec: 0.84783, fnr: 0.15217, fpr: 0.00701, auroc: 0.92974, f1: 0.87339, acc: 0.98289, prc: 0.90072
model saved at ./saved_models/chord_model_lay12_rh1_int_rw_ep50.pt.
epoch: 3, passed number of graphs: 96, train running loss: 23.47877 (passed time: 1m 40s)
          acc: 0.96831, fpr: 0.01996, fnr: 0.18945, rec: 0.81055, prc: 0.75120, f1: 0.77975, auroc: 0.90186
epoch: 3, passed number of graphs: 192, train running loss: 32.12944 (passed time: 1m 45s)
          acc: 0.97250, fpr: 0.00176, fnr: 0.37060, rec: 0.62940, prc: 0.96408, f1: 0.76159, auroc: 0.82316
epoch: 3, passed number of graphs: 288, train running loss: 30.11784 (passed time: 1m 50s)
          acc: 0.98186, fpr: 0.00277, fnr: 0.22470, rec: 0.77530, prc: 0.95422, f1: 0.85550, auroc: 0.89467
epoch: 3, passed number of graphs: 384, train running loss: 27.60225 (passed time: 1m 56s)
          acc: 0.97813, fpr: 0.01499, fnr: 0.11200, rec: 0.88800, prc: 0.81900, f1: 0.85211, auroc: 0.94436
epoch: 3, passed number of graphs: 480, train running loss: 25.41789 (passed time: 2m 1s)
          acc: 0.97035, fpr: 0.01913, fnr: 0.16800, rec: 0.83200, prc: 0.76788, f1: 0.79866, auroc: 0.91672
epoch: 3, passed number of graphs: 576, train running loss: 24.62885 (passed time: 2m 6s)
          acc: 0.98364, fpr: 0.00625, fnr: 0.15255, rec: 0.84745, prc: 0.90972, f1: 0.87748, auroc: 0.93150
epoch: 3, passed number of graphs: 672, train running loss: 22.91062 (passed time: 2m 11s)
          acc: 0.75972, fpr: 0.25517, fnr: 0.03995, rec: 0.96005, prc: 0.21855, f1: 0.35605, auroc: 0.86665
epoch: 3, passed number of graphs: 768, train running loss: 22.59835 (passed time: 2m 16s)
          acc: 0.91639, fpr: 0.08324, fnr: 0.08860, rec: 0.91140, prc: 0.44918, f1: 0.60177, auroc: 0.92318
Validation --- epoch: 3, loss: 62.67015
          rec: 0.95201, fnr: 0.04799, fpr: 0.20308, auroc: 0.88502, f1: 0.40824, acc: 0.80771, prc: 0.25991
EarlyStopping counter: 1 out of 5
epoch: 4, passed number of graphs: 96, train running loss: 14.78474 (passed time: 2m 28s)
          acc: 0.97826, fpr: 0.00112, fnr: 0.29910, rec: 0.70090, prc: 0.97898, f1: 0.81692, auroc: 0.86390
epoch: 4, passed number of graphs: 192, train running loss: 50.27968 (passed time: 2m 34s)
          acc: 0.95441, fpr: 0.01346, fnr: 0.47385, rec: 0.52615, prc: 0.74578, f1: 0.61700, auroc: 0.76468
epoch: 4, passed number of graphs: 288, train running loss: 44.51432 (passed time: 2m 39s)
          acc: 0.96500, fpr: 0.00136, fnr: 0.48715, rec: 0.51285, prc: 0.96564, f1: 0.66991, auroc: 0.76601
epoch: 4, passed number of graphs: 384, train running loss: 43.25019 (passed time: 2m 44s)
          acc: 0.96099, fpr: 0.01449, fnr: 0.36010, rec: 0.63990, prc: 0.77134, f1: 0.69950, auroc: 0.82334
epoch: 4, passed number of graphs: 480, train running loss: 38.63390 (passed time: 2m 49s)
          acc: 0.96817, fpr: 0.02304, fnr: 0.14745, rec: 0.85255, prc: 0.73779, f1: 0.79103, auroc: 0.92382
epoch: 4, passed number of graphs: 576, train running loss: 33.81605 (passed time: 2m 54s)
          acc: 0.97290, fpr: 0.01874, fnr: 0.13970, rec: 0.86030, prc: 0.77320, f1: 0.81443, auroc: 0.92979
epoch: 4, passed number of graphs: 672, train running loss: 30.65964 (passed time: 2m 59s)
          acc: 0.96733, fpr: 0.02362, fnr: 0.15440, rec: 0.84560, prc: 0.72684, f1: 0.78173, auroc: 0.92624
epoch: 4, passed number of graphs: 768, train running loss: 27.90663 (passed time: 3m 5s)
          acc: 0.97924, fpr: 0.00986, fnr: 0.16705, rec: 0.83295, prc: 0.86285, f1: 0.84764, auroc: 0.92145
Validation --- epoch: 4, loss: 15.82473
          rec: 0.83155, fnr: 0.16845, fpr: 0.00725, auroc: 0.92331, f1: 0.86241, acc: 0.98154, prc: 0.89581
model saved at ./saved_models/chord_model_lay12_rh1_int_rw_ep50.pt.
epoch: 5, passed number of graphs: 96, train running loss: 8.11758 (passed time: 3m 16s)
          acc: 0.97608, fpr: 0.00950, fnr: 0.21790, rec: 0.78210, prc: 0.85959, f1: 0.81902, auroc: 0.89984
epoch: 5, passed number of graphs: 192, train running loss: 8.71376 (passed time: 3m 21s)
          acc: 0.96370, fpr: 0.02971, fnr: 0.12420, rec: 0.87580, prc: 0.68868, f1: 0.77105, auroc: 0.93444
epoch: 5, passed number of graphs: 288, train running loss: 8.40528 (passed time: 3m 27s)
          acc: 0.84769, fpr: 0.15762, fnr: 0.08095, rec: 0.91905, prc: 0.30258, f1: 0.45527, auroc: 0.89608
epoch: 5, passed number of graphs: 384, train running loss: 8.67041 (passed time: 3m 32s)
          acc: 0.97888, fpr: 0.00195, fnr: 0.27210, rec: 0.72790, prc: 0.96603, f1: 0.83023, auroc: 0.88081
epoch: 5, passed number of graphs: 480, train running loss: 9.03559 (passed time: 3m 37s)
          acc: 0.96265, fpr: 0.02826, fnr: 0.15685, rec: 0.84315, prc: 0.69409, f1: 0.76140, auroc: 0.92387
epoch: 5, passed number of graphs: 576, train running loss: 9.04986 (passed time: 3m 42s)
          acc: 0.98056, fpr: 0.00478, fnr: 0.21685, rec: 0.78315, prc: 0.92407, f1: 0.84779, auroc: 0.90315
epoch: 5, passed number of graphs: 672, train running loss: 8.65479 (passed time: 3m 47s)
          acc: 0.98284, fpr: 0.00990, fnr: 0.11475, rec: 0.88525, prc: 0.86921, f1: 0.87716, auroc: 0.95180
epoch: 5, passed number of graphs: 768, train running loss: 8.47899 (passed time: 3m 52s)
          acc: 0.97803, fpr: 0.01347, fnr: 0.13615, rec: 0.86385, prc: 0.82693, f1: 0.84499, auroc: 0.94161
Validation --- epoch: 5, loss: 9.44968
          rec: 0.85957, fnr: 0.14043, fpr: 0.01238, auroc: 0.93876, f1: 0.84902, acc: 0.97871, prc: 0.83902
model saved at ./saved_models/chord_model_lay12_rh1_int_rw_ep50.pt.
epoch: 6, passed number of graphs: 96, train running loss: 7.78629 (passed time: 4m 4s)
          acc: 0.96397, fpr: 0.03110, fnr: 0.10225, rec: 0.89775, prc: 0.68215, f1: 0.77524, auroc: 0.94955
epoch: 6, passed number of graphs: 192, train running loss: 6.77995 (passed time: 4m 10s)
          acc: 0.97890, fpr: 0.01069, fnr: 0.15990, rec: 0.84010, prc: 0.85502, f1: 0.84749, auroc: 0.93160
epoch: 6, passed number of graphs: 288, train running loss: 8.10425 (passed time: 4m 15s)
          acc: 0.97043, fpr: 0.02294, fnr: 0.11870, rec: 0.88130, prc: 0.74084, f1: 0.80499, auroc: 0.94211
epoch: 6, passed number of graphs: 384, train running loss: 7.17732 (passed time: 4m 20s)
          acc: 0.94350, fpr: 0.05456, fnr: 0.08195, rec: 0.91805, prc: 0.56236, f1: 0.69747, auroc: 0.94765
epoch: 6, passed number of graphs: 480, train running loss: 6.62406 (passed time: 4m 25s)
          acc: 0.98415, fpr: 0.00441, fnr: 0.16640, rec: 0.83360, prc: 0.93500, f1: 0.88139, auroc: 0.93691
epoch: 6, passed number of graphs: 576, train running loss: 6.50793 (passed time: 4m 30s)
          acc: 0.96300, fpr: 0.03190, fnr: 0.10570, rec: 0.89430, prc: 0.67553, f1: 0.76967, auroc: 0.94821
epoch: 6, passed number of graphs: 672, train running loss: 6.59784 (passed time: 4m 35s)
          acc: 0.98244, fpr: 0.01060, fnr: 0.11115, rec: 0.88885, prc: 0.86171, f1: 0.87507, auroc: 0.95352
epoch: 6, passed number of graphs: 768, train running loss: 6.49613 (passed time: 4m 41s)
          acc: 0.97595, fpr: 0.01794, fnr: 0.10605, rec: 0.89395, prc: 0.78776, f1: 0.83750, auroc: 0.95371
Validation --- epoch: 6, loss: 8.70971
          rec: 0.92747, fnr: 0.07253, fpr: 0.05246, auroc: 0.95344, f1: 0.70601, acc: 0.94614, prc: 0.57032
model saved at ./saved_models/chord_model_lay12_rh1_int_rw_ep50.pt.
epoch: 7, passed number of graphs: 96, train running loss: 3.92944 (passed time: 4m 53s)
          acc: 0.96764, fpr: 0.02886, fnr: 0.07935, rec: 0.92065, prc: 0.70340, f1: 0.79750, auroc: 0.95650
epoch: 7, passed number of graphs: 192, train running loss: 4.68007 (passed time: 4m 58s)
          acc: 0.97658, fpr: 0.01624, fnr: 0.11910, rec: 0.88090, prc: 0.80275, f1: 0.84001, auroc: 0.94626
epoch: 7, passed number of graphs: 288, train running loss: 6.00959 (passed time: 5m 3s)
          acc: 0.98665, fpr: 0.00772, fnr: 0.08900, rec: 0.91100, prc: 0.89780, f1: 0.90435, auroc: 0.96322
epoch: 7, passed number of graphs: 384, train running loss: 5.37728 (passed time: 5m 8s)
          acc: 0.94065, fpr: 0.06072, fnr: 0.04140, rec: 0.95860, prc: 0.54660, f1: 0.69621, auroc: 0.96234
epoch: 7, passed number of graphs: 480, train running loss: 5.11883 (passed time: 5m 13s)
          acc: 0.98564, fpr: 0.01050, fnr: 0.06510, rec: 0.93490, prc: 0.87134, f1: 0.90200, auroc: 0.97086
epoch: 7, passed number of graphs: 576, train running loss: 4.83225 (passed time: 5m 18s)
          acc: 0.97895, fpr: 0.01448, fnr: 0.10950, rec: 0.89050, prc: 0.82036, f1: 0.85399, auroc: 0.95498
epoch: 7, passed number of graphs: 672, train running loss: 4.61838 (passed time: 5m 24s)
          acc: 0.98987, fpr: 0.00497, fnr: 0.07945, rec: 0.92055, prc: 0.93225, f1: 0.92636, auroc: 0.96759
epoch: 7, passed number of graphs: 768, train running loss: 4.33625 (passed time: 5m 29s)
          acc: 0.96671, fpr: 0.03165, fnr: 0.05535, rec: 0.94465, prc: 0.68975, f1: 0.79732, auroc: 0.96926
Validation --- epoch: 7, loss: 4.20386
          rec: 0.93399, fnr: 0.06601, fpr: 0.01207, auroc: 0.97201, f1: 0.89176, acc: 0.98418, prc: 0.85361
model saved at ./saved_models/chord_model_lay12_rh1_int_rw_ep50.pt.
epoch: 8, passed number of graphs: 96, train running loss: 3.84714 (passed time: 5m 41s)
          acc: 0.99013, fpr: 0.00478, fnr: 0.07830, rec: 0.92170, prc: 0.93479, f1: 0.92820, auroc: 0.97074
epoch: 8, passed number of graphs: 192, train running loss: 3.61521 (passed time: 5m 46s)
          acc: 0.96781, fpr: 0.03104, fnr: 0.04755, rec: 0.95245, prc: 0.69718, f1: 0.80506, auroc: 0.97208
epoch: 8, passed number of graphs: 288, train running loss: 3.05497 (passed time: 5m 51s)
          acc: 0.98716, fpr: 0.00856, fnr: 0.07045, rec: 0.92955, prc: 0.88990, f1: 0.90930, auroc: 0.97212
epoch: 8, passed number of graphs: 384, train running loss: 3.34881 (passed time: 5m 57s)
          acc: 0.96466, fpr: 0.03334, fnr: 0.06155, rec: 0.93845, prc: 0.68246, f1: 0.79024, auroc: 0.96164
epoch: 8, passed number of graphs: 480, train running loss: 3.34668 (passed time: 6m 2s)
          acc: 0.99089, fpr: 0.00187, fnr: 0.10425, rec: 0.89575, prc: 0.97327, f1: 0.93290, auroc: 0.96361
epoch: 8, passed number of graphs: 576, train running loss: 3.24183 (passed time: 6m 7s)
          acc: 0.98786, fpr: 0.00818, fnr: 0.06545, rec: 0.93455, prc: 0.89452, f1: 0.91410, auroc: 0.97509
epoch: 8, passed number of graphs: 672, train running loss: 3.04078 (passed time: 6m 12s)
          acc: 0.97636, fpr: 0.02173, fnr: 0.04935, rec: 0.95065, prc: 0.76483, f1: 0.84768, auroc: 0.97484
epoch: 8, passed number of graphs: 768, train running loss: 3.08667 (passed time: 6m 17s)
          acc: 0.94930, fpr: 0.04921, fnr: 0.07080, rec: 0.92920, prc: 0.58444, f1: 0.71756, auroc: 0.95597
Validation --- epoch: 8, loss: 3.84365
          rec: 0.91347, fnr: 0.08653, fpr: 0.00524, auroc: 0.96569, f1: 0.92106, acc: 0.98911, prc: 0.92887
model saved at ./saved_models/chord_model_lay12_rh1_int_rw_ep50.pt.
epoch: 9, passed number of graphs: 96, train running loss: 2.77322 (passed time: 6m 29s)
          acc: 0.98820, fpr: 0.00343, fnr: 0.12445, rec: 0.87555, prc: 0.94998, f1: 0.91125, auroc: 0.95392
epoch: 9, passed number of graphs: 192, train running loss: 3.15480 (passed time: 6m 34s)
          acc: 0.97506, fpr: 0.02242, fnr: 0.05850, rec: 0.94150, prc: 0.75909, f1: 0.84051, auroc: 0.97283
epoch: 9, passed number of graphs: 288, train running loss: 3.04259 (passed time: 6m 40s)
          acc: 0.98879, fpr: 0.00759, fnr: 0.05985, rec: 0.94015, prc: 0.90213, f1: 0.92075, auroc: 0.97534
epoch: 9, passed number of graphs: 384, train running loss: 2.78327 (passed time: 6m 45s)
          acc: 0.98496, fpr: 0.01147, fnr: 0.06185, rec: 0.93815, prc: 0.86203, f1: 0.89848, auroc: 0.97529
epoch: 9, passed number of graphs: 480, train running loss: 2.54516 (passed time: 6m 50s)
          acc: 0.96851, fpr: 0.03084, fnr: 0.03995, rec: 0.96005, prc: 0.70300, f1: 0.81166, auroc: 0.97637
epoch: 9, passed number of graphs: 576, train running loss: 2.71054 (passed time: 6m 55s)
          acc: 0.94818, fpr: 0.04364, fnr: 0.16195, rec: 0.83805, prc: 0.58782, f1: 0.69098, auroc: 0.91173
epoch: 9, passed number of graphs: 672, train running loss: 3.07992 (passed time: 7m 0s)
          acc: 0.98861, fpr: 0.00142, fnr: 0.14550, rec: 0.85450, prc: 0.97819, f1: 0.91217, auroc: 0.94836
epoch: 9, passed number of graphs: 768, train running loss: 3.13841 (passed time: 7m 6s)
          acc: 0.99074, fpr: 0.00393, fnr: 0.08090, rec: 0.91910, prc: 0.94572, f1: 0.93222, auroc: 0.97339
Validation --- epoch: 9, loss: 3.74704
          rec: 0.92766, fnr: 0.07234, fpr: 0.00486, auroc: 0.97444, f1: 0.93105, acc: 0.99044, prc: 0.93452
model saved at ./saved_models/chord_model_lay12_rh1_int_rw_ep50.pt.
epoch: 10, passed number of graphs: 96, train running loss: 2.64901 (passed time: 7m 18s)
          acc: 0.98659, fpr: 0.00607, fnr: 0.11215, rec: 0.88785, prc: 0.91583, f1: 0.90162, auroc: 0.96070
epoch: 10, passed number of graphs: 192, train running loss: 2.09562 (passed time: 7m 23s)
          acc: 0.98645, fpr: 0.01038, fnr: 0.05575, rec: 0.94425, prc: 0.87221, f1: 0.90680, auroc: 0.97776
epoch: 10, passed number of graphs: 288, train running loss: 1.79716 (passed time: 7m 28s)
          acc: 0.98585, fpr: 0.01039, fnr: 0.06470, rec: 0.93530, prc: 0.87009, f1: 0.90152, auroc: 0.97437
epoch: 10, passed number of graphs: 384, train running loss: 1.68057 (passed time: 7m 33s)
          acc: 0.99044, fpr: 0.00255, fnr: 0.10145, rec: 0.89855, prc: 0.96421, f1: 0.93022, auroc: 0.96409
epoch: 10, passed number of graphs: 480, train running loss: 1.72842 (passed time: 7m 38s)
          acc: 0.98653, fpr: 0.01034, fnr: 0.05460, rec: 0.94540, prc: 0.87424, f1: 0.90843, auroc: 0.97713
epoch: 10, passed number of graphs: 576, train running loss: 1.66387 (passed time: 7m 43s)
          acc: 0.99282, fpr: 0.00255, fnr: 0.06950, rec: 0.93050, prc: 0.96435, f1: 0.94712, auroc: 0.97502
epoch: 10, passed number of graphs: 672, train running loss: 1.64195 (passed time: 7m 49s)
          acc: 0.99155, fpr: 0.00360, fnr: 0.07370, rec: 0.92630, prc: 0.95029, f1: 0.93814, auroc: 0.97364
epoch: 10, passed number of graphs: 768, train running loss: 1.59310 (passed time: 7m 54s)
          acc: 0.98894, fpr: 0.00739, fnr: 0.06030, rec: 0.93970, prc: 0.90447, f1: 0.92175, auroc: 0.97693
Validation --- epoch: 10, loss: 2.59673
          rec: 0.93822, fnr: 0.06178, fpr: 0.00649, auroc: 0.97624, f1: 0.92671, acc: 0.98967, prc: 0.91561
model saved at ./saved_models/chord_model_lay12_rh1_int_rw_ep50.pt.
epoch: 11, passed number of graphs: 96, train running loss: 2.87807 (passed time: 8m 6s)
          acc: 0.98615, fpr: 0.01167, fnr: 0.04310, rec: 0.95690, prc: 0.85905, f1: 0.90534, auroc: 0.97951
epoch: 11, passed number of graphs: 192, train running loss: 2.74289 (passed time: 8m 11s)
          acc: 0.95421, fpr: 0.04535, fnr: 0.05165, rec: 0.94835, prc: 0.61076, f1: 0.74300, auroc: 0.97078
epoch: 11, passed number of graphs: 288, train running loss: 2.65611 (passed time: 8m 17s)
          acc: 0.95414, fpr: 0.04658, fnr: 0.03625, rec: 0.96375, prc: 0.60625, f1: 0.74429, auroc: 0.97053
epoch: 11, passed number of graphs: 384, train running loss: 2.35947 (passed time: 8m 22s)
          acc: 0.98839, fpr: 0.00820, fnr: 0.05635, rec: 0.94365, prc: 0.89786, f1: 0.92019, auroc: 0.97978
epoch: 11, passed number of graphs: 480, train running loss: 2.11620 (passed time: 8m 27s)
          acc: 0.99323, fpr: 0.00250, fnr: 0.06290, rec: 0.93710, prc: 0.96613, f1: 0.95139, auroc: 0.97673
epoch: 11, passed number of graphs: 576, train running loss: 2.25042 (passed time: 8m 32s)
          acc: 0.99003, fpr: 0.00406, fnr: 0.08955, rec: 0.91045, prc: 0.94332, f1: 0.92660, auroc: 0.96583
epoch: 11, passed number of graphs: 672, train running loss: 2.21081 (passed time: 8m 37s)
          acc: 0.99189, fpr: 0.00336, fnr: 0.07200, rec: 0.92800, prc: 0.95356, f1: 0.94060, auroc: 0.97393
epoch: 11, passed number of graphs: 768, train running loss: 2.20815 (passed time: 8m 42s)
          acc: 0.99021, fpr: 0.00473, fnr: 0.07785, rec: 0.92215, prc: 0.93562, f1: 0.92884, auroc: 0.97276
Validation --- epoch: 11, loss: 2.33447
          rec: 0.92367, fnr: 0.07633, fpr: 0.00425, auroc: 0.97335, f1: 0.93280, acc: 0.99074, prc: 0.94219
model saved at ./saved_models/chord_model_lay12_rh1_int_rw_ep50.pt.
epoch: 12, passed number of graphs: 96, train running loss: 1.20277 (passed time: 8m 55s)
          acc: 0.99149, fpr: 0.00540, fnr: 0.05030, rec: 0.94970, prc: 0.92898, f1: 0.93923, auroc: 0.98068
epoch: 12, passed number of graphs: 192, train running loss: 1.07146 (passed time: 9m 0s)
          acc: 0.99288, fpr: 0.00332, fnr: 0.05775, rec: 0.94225, prc: 0.95510, f1: 0.94863, auroc: 0.97890
epoch: 12, passed number of graphs: 288, train running loss: 2.64544 (passed time: 9m 5s)
          acc: 0.98538, fpr: 0.00734, fnr: 0.11250, rec: 0.88750, prc: 0.89996, f1: 0.89369, auroc: 0.95880
epoch: 12, passed number of graphs: 384, train running loss: 2.61755 (passed time: 9m 10s)
          acc: 0.98927, fpr: 0.00361, fnr: 0.10395, rec: 0.89605, prc: 0.94986, f1: 0.92217, auroc: 0.96426
epoch: 12, passed number of graphs: 480, train running loss: 4.86932 (passed time: 9m 15s)
          acc: 0.92933, fpr: 0.00000, fnr: 1.00000, rec: 0.00000, prc: -1.00000, f1: 0.00000, auroc: 0.50000
epoch: 12, passed number of graphs: 576, train running loss: 44.42602 (passed time: 9m 21s)
          acc: 0.93146, fpr: 0.00139, fnr: 0.97280, rec: 0.02720, prc: 0.59195, f1: 0.05201, auroc: 0.60711
epoch: 12, passed number of graphs: 672, train running loss: 38.26032 (passed time: 9m 26s)
          acc: 0.92665, fpr: 0.00630, fnr: 0.97535, rec: 0.02465, prc: 0.22532, f1: 0.04444, auroc: 0.66679
epoch: 12, passed number of graphs: 768, train running loss: 33.56017 (passed time: 9m 31s)
          acc: 0.91991, fpr: 0.01612, fnr: 0.93900, rec: 0.06100, prc: 0.21990, f1: 0.09551, auroc: 0.67413
Validation --- epoch: 12, loss: 1.14048
          rec: 0.07206, fnr: 0.92794, fpr: 0.02378, auroc: 0.67242, f1: 0.10332, acc: 0.91331, prc: 0.18795
model saved at ./saved_models/chord_model_lay12_rh1_int_rw_ep50.pt.
epoch: 13, passed number of graphs: 96, train running loss: 0.47316 (passed time: 9m 44s)
          acc: 0.91489, fpr: 0.02395, fnr: 0.90770, rec: 0.09230, prc: 0.22273, f1: 0.13051, auroc: 0.68635
epoch: 13, passed number of graphs: 192, train running loss: 0.43132 (passed time: 9m 49s)
          acc: 0.92265, fpr: 0.01371, fnr: 0.92540, rec: 0.07460, prc: 0.28988, f1: 0.11866, auroc: 0.70476
epoch: 13, passed number of graphs: 288, train running loss: 0.39640 (passed time: 9m 55s)
          acc: 0.92681, fpr: 0.00886, fnr: 0.93770, rec: 0.06230, prc: 0.34353, f1: 0.10547, auroc: 0.71020
epoch: 13, passed number of graphs: 384, train running loss: 0.37243 (passed time: 10m 0s)
          acc: 0.92363, fpr: 0.00995, fnr: 0.94610, rec: 0.05390, prc: 0.29254, f1: 0.09103, auroc: 0.70718
epoch: 13, passed number of graphs: 480, train running loss: 0.34815 (passed time: 10m 5s)
          acc: 0.92364, fpr: 0.00949, fnr: 0.95570, rec: 0.04430, prc: 0.26205, f1: 0.07579, auroc: 0.70908
epoch: 13, passed number of graphs: 576, train running loss: 0.32982 (passed time: 10m 10s)
          acc: 0.92642, fpr: 0.00709, fnr: 0.96895, rec: 0.03105, prc: 0.24536, f1: 0.05512, auroc: 0.73158
epoch: 13, passed number of graphs: 672, train running loss: 0.31437 (passed time: 10m 15s)
          acc: 0.92743, fpr: 0.00550, fnr: 0.97490, rec: 0.02510, prc: 0.25328, f1: 0.04567, auroc: 0.76426
epoch: 13, passed number of graphs: 768, train running loss: 0.29978 (passed time: 10m 21s)
          acc: 0.92771, fpr: 0.00471, fnr: 0.97975, rec: 0.02025, prc: 0.24266, f1: 0.03738, auroc: 0.78124
Validation --- epoch: 13, loss: 0.39054
          rec: 0.02386, fnr: 0.97614, fpr: 0.00576, auroc: 0.77975, f1: 0.04325, acc: 0.92672, prc: 0.24168
model saved at ./saved_models/chord_model_lay12_rh1_int_rw_ep50.pt.
epoch: 14, passed number of graphs: 96, train running loss: 0.18794 (passed time: 10m 34s)
          acc: 0.92858, fpr: 0.00376, fnr: 0.98140, rec: 0.01860, prc: 0.26879, f1: 0.03479, auroc: 0.80696
epoch: 14, passed number of graphs: 192, train running loss: 0.18447 (passed time: 10m 39s)
          acc: 0.92852, fpr: 0.00315, fnr: 0.98220, rec: 0.01780, prc: 0.29791, f1: 0.03359, auroc: 0.83410
epoch: 14, passed number of graphs: 288, train running loss: 0.17573 (passed time: 10m 44s)
          acc: 0.93043, fpr: 0.00135, fnr: 0.98635, rec: 0.01365, prc: 0.42857, f1: 0.02646, auroc: 0.89133
epoch: 14, passed number of graphs: 384, train running loss: 0.17174 (passed time: 10m 49s)
          acc: 0.92869, fpr: 0.00125, fnr: 0.98880, rec: 0.01120, prc: 0.40653, f1: 0.02180, auroc: 0.91900
epoch: 14, passed number of graphs: 480, train running loss: 0.16311 (passed time: 10m 54s)
          acc: 0.92886, fpr: 0.00116, fnr: 0.99130, rec: 0.00870, prc: 0.36250, f1: 0.01699, auroc: 0.92578
epoch: 14, passed number of graphs: 576, train running loss: 0.15755 (passed time: 11m 0s)
          acc: 0.93047, fpr: 0.00124, fnr: 0.98915, rec: 0.01085, prc: 0.39312, f1: 0.02112, auroc: 0.93881
epoch: 14, passed number of graphs: 672, train running loss: 0.15257 (passed time: 11m 5s)
          acc: 0.93072, fpr: 0.00114, fnr: 0.98590, rec: 0.01410, prc: 0.47878, f1: 0.02739, auroc: 0.93938
epoch: 14, passed number of graphs: 768, train running loss: 0.14659 (passed time: 11m 10s)
          acc: 0.93118, fpr: 0.00080, fnr: 0.98210, rec: 0.01790, prc: 0.62478, f1: 0.03480, auroc: 0.94220
Validation --- epoch: 14, loss: 0.21379
          rec: 0.02241, fnr: 0.97759, fpr: 0.00142, auroc: 0.94298, f1: 0.04293, acc: 0.93067, prc: 0.59043
model saved at ./saved_models/chord_model_lay12_rh1_int_rw_ep50.pt.
epoch: 15, passed number of graphs: 96, train running loss: 0.10321 (passed time: 11m 23s)
          acc: 0.93221, fpr: 0.00046, fnr: 0.97330, rec: 0.02670, prc: 0.81155, f1: 0.05170, auroc: 0.94623
epoch: 15, passed number of graphs: 192, train running loss: 0.10335 (passed time: 11m 28s)
          acc: 0.93194, fpr: 0.00089, fnr: 0.96315, rec: 0.03685, prc: 0.75590, f1: 0.07027, auroc: 0.95087
epoch: 15, passed number of graphs: 288, train running loss: 0.10003 (passed time: 11m 33s)
          acc: 0.93233, fpr: 0.00080, fnr: 0.96640, rec: 0.03360, prc: 0.75761, f1: 0.06435, auroc: 0.95232
epoch: 15, passed number of graphs: 384, train running loss: 0.10044 (passed time: 11m 39s)
          acc: 0.93098, fpr: 0.00134, fnr: 0.95530, rec: 0.04470, prc: 0.71750, f1: 0.08416, auroc: 0.95542
epoch: 15, passed number of graphs: 480, train running loss: 0.09715 (passed time: 11m 44s)
          acc: 0.93237, fpr: 0.00067, fnr: 0.94820, rec: 0.05180, prc: 0.85479, f1: 0.09768, auroc: 0.95774
epoch: 15, passed number of graphs: 576, train running loss: 0.09632 (passed time: 11m 49s)
          acc: 0.93381, fpr: 0.00130, fnr: 0.94005, rec: 0.05995, prc: 0.77455, f1: 0.11129, auroc: 0.96127
epoch: 15, passed number of graphs: 672, train running loss: 0.09570 (passed time: 11m 54s)
          acc: 0.93527, fpr: 0.00142, fnr: 0.91655, rec: 0.08345, prc: 0.81415, f1: 0.15138, auroc: 0.96032
epoch: 15, passed number of graphs: 768, train running loss: 0.09368 (passed time: 12m 0s)
          acc: 0.93611, fpr: 0.00085, fnr: 0.91030, rec: 0.08970, prc: 0.88724, f1: 0.16293, auroc: 0.96134
Validation --- epoch: 15, loss: 0.16500
          rec: 0.09446, fnr: 0.90554, fpr: 0.00134, auroc: 0.96045, f1: 0.16956, acc: 0.93575, prc: 0.86286
model saved at ./saved_models/chord_model_lay12_rh1_int_rw_ep50.pt.
epoch: 16, passed number of graphs: 96, train running loss: 0.08044 (passed time: 12m 12s)
          acc: 0.93788, fpr: 0.00044, fnr: 0.89175, rec: 0.10825, prc: 0.94831, f1: 0.19432, auroc: 0.96037
epoch: 16, passed number of graphs: 192, train running loss: 0.08188 (passed time: 12m 18s)
          acc: 0.93874, fpr: 0.00100, fnr: 0.86435, rec: 0.13565, prc: 0.91040, f1: 0.23612, auroc: 0.96274
epoch: 16, passed number of graphs: 288, train running loss: 0.08024 (passed time: 12m 23s)
          acc: 0.94138, fpr: 0.00074, fnr: 0.83660, rec: 0.16340, prc: 0.94287, f1: 0.27853, auroc: 0.96362
epoch: 16, passed number of graphs: 384, train running loss: 0.08149 (passed time: 12m 28s)
          acc: 0.94073, fpr: 0.00082, fnr: 0.82465, rec: 0.17535, prc: 0.94198, f1: 0.29566, auroc: 0.96342
epoch: 16, passed number of graphs: 480, train running loss: 0.07954 (passed time: 12m 33s)
          acc: 0.94198, fpr: 0.00136, fnr: 0.80305, rec: 0.19695, prc: 0.91669, f1: 0.32424, auroc: 0.96695
epoch: 16, passed number of graphs: 576, train running loss: 0.07949 (passed time: 12m 39s)
          acc: 0.94378, fpr: 0.00193, fnr: 0.78730, rec: 0.21270, prc: 0.89126, f1: 0.34344, auroc: 0.96858
epoch: 16, passed number of graphs: 672, train running loss: 0.07954 (passed time: 12m 44s)
          acc: 0.94482, fpr: 0.00323, fnr: 0.75415, rec: 0.24585, prc: 0.84996, f1: 0.38138, auroc: 0.96795
epoch: 16, passed number of graphs: 768, train running loss: 0.07827 (passed time: 12m 49s)
          acc: 0.94754, fpr: 0.00092, fnr: 0.74450, rec: 0.25550, prc: 0.95371, f1: 0.40303, auroc: 0.96959
Validation --- epoch: 16, loss: 0.14277
          rec: 0.26256, fnr: 0.73744, fpr: 0.00213, auroc: 0.96863, f1: 0.40665, acc: 0.94671, prc: 0.91015
model saved at ./saved_models/chord_model_lay12_rh1_int_rw_ep50.pt.
epoch: 17, passed number of graphs: 96, train running loss: 0.06942 (passed time: 13m 2s)
          acc: 0.95149, fpr: 0.00102, fnr: 0.68730, rec: 0.31270, prc: 0.95803, f1: 0.47150, auroc: 0.97022
epoch: 17, passed number of graphs: 192, train running loss: 0.07087 (passed time: 13m 7s)
          acc: 0.94960, fpr: 0.00178, fnr: 0.69840, rec: 0.30160, prc: 0.92714, f1: 0.45514, auroc: 0.96987
epoch: 17, passed number of graphs: 288, train running loss: 0.06956 (passed time: 13m 12s)
          acc: 0.95214, fpr: 0.00137, fnr: 0.67270, rec: 0.32730, prc: 0.94677, f1: 0.48644, auroc: 0.97148
epoch: 17, passed number of graphs: 384, train running loss: 0.07018 (passed time: 13m 17s)
          acc: 0.95372, fpr: 0.00111, fnr: 0.63775, rec: 0.36225, prc: 0.96126, f1: 0.52620, auroc: 0.97244
epoch: 17, passed number of graphs: 480, train running loss: 0.06823 (passed time: 13m 23s)
          acc: 0.95687, fpr: 0.00181, fnr: 0.58650, rec: 0.41350, prc: 0.94568, f1: 0.57540, auroc: 0.97704
epoch: 17, passed number of graphs: 576, train running loss: 0.06749 (passed time: 13m 28s)
          acc: 0.95739, fpr: 0.00239, fnr: 0.58425, rec: 0.41575, prc: 0.92812, f1: 0.57426, auroc: 0.97947
epoch: 17, passed number of graphs: 672, train running loss: 0.06694 (passed time: 13m 33s)
          acc: 0.95980, fpr: 0.00374, fnr: 0.53065, rec: 0.46935, prc: 0.90312, f1: 0.61769, auroc: 0.97941
epoch: 17, passed number of graphs: 768, train running loss: 0.06567 (passed time: 13m 38s)
          acc: 0.96231, fpr: 0.00188, fnr: 0.51860, rec: 0.48140, prc: 0.95026, f1: 0.63905, auroc: 0.98017
Validation --- epoch: 17, loss: 0.11271
          rec: 0.49445, fnr: 0.50555, fpr: 0.00213, auroc: 0.97951, f1: 0.64925, acc: 0.96285, prc: 0.94603
model saved at ./saved_models/chord_model_lay12_rh1_int_rw_ep50.pt.
epoch: 18, passed number of graphs: 96, train running loss: 0.05595 (passed time: 13m 51s)
          acc: 0.96377, fpr: 0.00339, fnr: 0.47790, rec: 0.52210, prc: 0.91959, f1: 0.66605, auroc: 0.98003
epoch: 18, passed number of graphs: 192, train running loss: 0.05650 (passed time: 13m 56s)
          acc: 0.96610, fpr: 0.00141, fnr: 0.46685, rec: 0.53315, prc: 0.96585, f1: 0.68705, auroc: 0.98043
epoch: 18, passed number of graphs: 288, train running loss: 0.05559 (passed time: 14m 2s)
          acc: 0.96694, fpr: 0.00296, fnr: 0.43765, rec: 0.56235, prc: 0.93398, f1: 0.70202, auroc: 0.98290
epoch: 18, passed number of graphs: 384, train running loss: 0.05596 (passed time: 14m 7s)
          acc: 0.96586, fpr: 0.00268, fnr: 0.44620, rec: 0.55380, prc: 0.94048, f1: 0.69711, auroc: 0.98157
epoch: 18, passed number of graphs: 480, train running loss: 0.05473 (passed time: 14m 12s)
          acc: 0.96836, fpr: 0.00219, fnr: 0.41890, rec: 0.58110, prc: 0.95270, f1: 0.72189, auroc: 0.98336
epoch: 18, passed number of graphs: 576, train running loss: 0.05390 (passed time: 14m 17s)
          acc: 0.96717, fpr: 0.00247, fnr: 0.44175, rec: 0.55825, prc: 0.94387, f1: 0.70156, auroc: 0.98530
epoch: 18, passed number of graphs: 672, train running loss: 0.05350 (passed time: 14m 23s)
          acc: 0.97076, fpr: 0.00364, fnr: 0.37355, rec: 0.62645, prc: 0.92746, f1: 0.74780, auroc: 0.98565
epoch: 18, passed number of graphs: 768, train running loss: 0.05278 (passed time: 14m 28s)
          acc: 0.96985, fpr: 0.00336, fnr: 0.38995, rec: 0.61005, prc: 0.93123, f1: 0.73718, auroc: 0.98629
Validation --- epoch: 18, loss: 0.09385
          rec: 0.60616, fnr: 0.39384, fpr: 0.00288, auroc: 0.98494, f1: 0.73703, acc: 0.96992, prc: 0.94044
model saved at ./saved_models/chord_model_lay12_rh1_int_rw_ep50.pt.
epoch: 19, passed number of graphs: 96, train running loss: 0.04683 (passed time: 14m 41s)
          acc: 0.97033, fpr: 0.00281, fnr: 0.39090, rec: 0.60910, prc: 0.94157, f1: 0.73969, auroc: 0.98470
epoch: 19, passed number of graphs: 192, train running loss: 0.27962 (passed time: 14m 46s)
          acc: 0.96791, fpr: 0.00385, fnr: 0.40845, rec: 0.59155, prc: 0.92020, f1: 0.72015, auroc: 0.97989
epoch: 19, passed number of graphs: 288, train running loss: 0.20439 (passed time: 14m 51s)
          acc: 0.96853, fpr: 0.00346, fnr: 0.40790, rec: 0.59210, prc: 0.92726, f1: 0.72271, auroc: 0.98639
epoch: 19, passed number of graphs: 384, train running loss: 0.16683 (passed time: 14m 56s)
          acc: 0.96793, fpr: 0.00340, fnr: 0.40745, rec: 0.59255, prc: 0.93007, f1: 0.72390, auroc: 0.98582
epoch: 19, passed number of graphs: 480, train running loss: 0.14270 (passed time: 15m 1s)
          acc: 0.97116, fpr: 0.00259, fnr: 0.37405, rec: 0.62595, prc: 0.94841, f1: 0.75416, auroc: 0.98702
epoch: 19, passed number of graphs: 576, train running loss: 0.12675 (passed time: 15m 7s)
          acc: 0.96942, fpr: 0.00435, fnr: 0.38375, rec: 0.61625, prc: 0.91317, f1: 0.73589, auroc: 0.98945
epoch: 19, passed number of graphs: 672, train running loss: 0.11551 (passed time: 15m 12s)
          acc: 0.97150, fpr: 0.00402, fnr: 0.35780, rec: 0.64220, prc: 0.92230, f1: 0.75718, auroc: 0.98928
epoch: 19, passed number of graphs: 768, train running loss: 0.10661 (passed time: 15m 17s)
          acc: 0.97139, fpr: 0.00392, fnr: 0.36020, rec: 0.63980, prc: 0.92403, f1: 0.75609, auroc: 0.98973
Validation --- epoch: 19, loss: 0.08735
          rec: 0.64102, fnr: 0.35898, fpr: 0.00323, auroc: 0.98871, f1: 0.76118, acc: 0.97203, prc: 0.93704
model saved at ./saved_models/chord_model_lay12_rh1_int_rw_ep50.pt.
epoch: 20, passed number of graphs: 96, train running loss: 0.04378 (passed time: 15m 30s)
          acc: 0.97334, fpr: 0.00272, fnr: 0.34860, rec: 0.65140, prc: 0.94680, f1: 0.77180, auroc: 0.98848
epoch: 20, passed number of graphs: 192, train running loss: 0.04385 (passed time: 15m 35s)
          acc: 0.97431, fpr: 0.00283, fnr: 0.33035, rec: 0.66965, prc: 0.94664, f1: 0.78441, auroc: 0.98884
epoch: 20, passed number of graphs: 288, train running loss: 0.04367 (passed time: 15m 41s)
          acc: 0.97261, fpr: 0.00395, fnr: 0.34235, rec: 0.65765, prc: 0.92529, f1: 0.76884, auroc: 0.98967
epoch: 20, passed number of graphs: 384, train running loss: 0.04423 (passed time: 15m 46s)
          acc: 0.97258, fpr: 0.00412, fnr: 0.33255, rec: 0.66745, prc: 0.92515, f1: 0.77545, auroc: 0.98965
epoch: 20, passed number of graphs: 480, train running loss: 0.04371 (passed time: 15m 51s)
          acc: 0.97454, fpr: 0.00341, fnr: 0.31540, rec: 0.68460, prc: 0.93852, f1: 0.79170, auroc: 0.99039
epoch: 20, passed number of graphs: 576, train running loss: 0.04334 (passed time: 15m 56s)
          acc: 0.97504, fpr: 0.00342, fnr: 0.31505, rec: 0.68495, prc: 0.93694, f1: 0.79137, auroc: 0.99122
epoch: 20, passed number of graphs: 672, train running loss: 0.04310 (passed time: 16m 1s)
          acc: 0.97542, fpr: 0.00460, fnr: 0.29330, rec: 0.70670, prc: 0.91946, f1: 0.79916, auroc: 0.99164
epoch: 20, passed number of graphs: 768, train running loss: 0.04279 (passed time: 16m 7s)
          acc: 0.97449, fpr: 0.00459, fnr: 0.30635, rec: 0.69365, prc: 0.91838, f1: 0.79035, auroc: 0.99174
Validation --- epoch: 20, loss: 0.08017
          rec: 0.69468, fnr: 0.30532, fpr: 0.00345, auroc: 0.99097, f1: 0.79804, acc: 0.97555, prc: 0.93773
model saved at ./saved_models/chord_model_lay12_rh1_int_rw_ep50.pt.
epoch: 21, passed number of graphs: 96, train running loss: 0.04018 (passed time: 16m 20s)
          acc: 0.97674, fpr: 0.00310, fnr: 0.29440, rec: 0.70560, prc: 0.94426, f1: 0.80767, auroc: 0.99075
epoch: 21, passed number of graphs: 192, train running loss: 0.04005 (passed time: 16m 25s)
          acc: 0.97751, fpr: 0.00303, fnr: 0.28175, rec: 0.71825, prc: 0.94675, f1: 0.81682, auroc: 0.99053
epoch: 21, passed number of graphs: 288, train running loss: 0.03986 (passed time: 16m 30s)
          acc: 0.97562, fpr: 0.00394, fnr: 0.29910, rec: 0.70090, prc: 0.92976, f1: 0.79927, auroc: 0.99111
epoch: 21, passed number of graphs: 384, train running loss: 0.03998 (passed time: 16m 35s)
          acc: 0.97633, fpr: 0.00402, fnr: 0.28095, rec: 0.71905, prc: 0.93177, f1: 0.81171, auroc: 0.99157
epoch: 21, passed number of graphs: 480, train running loss: 0.03971 (passed time: 16m 40s)
          acc: 0.97792, fpr: 0.00312, fnr: 0.27140, rec: 0.72860, prc: 0.94666, f1: 0.82344, auroc: 0.99117
epoch: 21, passed number of graphs: 576, train running loss: 0.03949 (passed time: 16m 46s)
          acc: 0.97749, fpr: 0.00340, fnr: 0.27980, rec: 0.72020, prc: 0.94015, f1: 0.81561, auroc: 0.99215
epoch: 21, passed number of graphs: 672, train running loss: 0.03928 (passed time: 16m 51s)
          acc: 0.97806, fpr: 0.00333, fnr: 0.27225, rec: 0.72775, prc: 0.94195, f1: 0.82111, auroc: 0.99221
epoch: 21, passed number of graphs: 768, train running loss: 0.03905 (passed time: 16m 56s)
          acc: 0.97845, fpr: 0.00404, fnr: 0.25665, rec: 0.74335, prc: 0.93198, f1: 0.82705, auroc: 0.99283
Validation --- epoch: 21, loss: 0.07419
          rec: 0.74408, fnr: 0.25592, fpr: 0.00328, auroc: 0.99191, f1: 0.83231, acc: 0.97915, prc: 0.94442
model saved at ./saved_models/chord_model_lay12_rh1_int_rw_ep50.pt.
epoch: 22, passed number of graphs: 96, train running loss: 0.03728 (passed time: 17m 9s)
          acc: 0.97975, fpr: 0.00360, fnr: 0.24415, rec: 0.75585, prc: 0.93976, f1: 0.83783, auroc: 0.99240
epoch: 22, passed number of graphs: 192, train running loss: 0.03710 (passed time: 17m 14s)
          acc: 0.98027, fpr: 0.00406, fnr: 0.22865, rec: 0.77135, prc: 0.93452, f1: 0.84513, auroc: 0.99262
epoch: 22, passed number of graphs: 288, train running loss: 0.03690 (passed time: 17m 20s)
          acc: 0.97862, fpr: 0.00356, fnr: 0.26085, rec: 0.73915, prc: 0.93914, f1: 0.82723, auroc: 0.99203
epoch: 22, passed number of graphs: 384, train running loss: 0.03667 (passed time: 17m 25s)
          acc: 0.97960, fpr: 0.00414, fnr: 0.23340, rec: 0.76660, prc: 0.93402, f1: 0.84207, auroc: 0.99314
epoch: 22, passed number of graphs: 480, train running loss: 0.03644 (passed time: 17m 30s)
          acc: 0.98198, fpr: 0.00337, fnr: 0.21065, rec: 0.78935, prc: 0.94686, f1: 0.86096, auroc: 0.99288
epoch: 22, passed number of graphs: 576, train running loss: 0.03624 (passed time: 17m 35s)
          acc: 0.98126, fpr: 0.00352, fnr: 0.22380, rec: 0.77620, prc: 0.94251, f1: 0.85131, auroc: 0.99334
epoch: 22, passed number of graphs: 672, train running loss: 0.03599 (passed time: 17m 40s)
          acc: 0.98185, fpr: 0.00370, fnr: 0.21250, rec: 0.78750, prc: 0.94058, f1: 0.85726, auroc: 0.99419
epoch: 22, passed number of graphs: 768, train running loss: 0.03572 (passed time: 17m 46s)
          acc: 0.98269, fpr: 0.00329, fnr: 0.20565, rec: 0.79435, prc: 0.94735, f1: 0.86413, auroc: 0.99372
Validation --- epoch: 22, loss: 0.06697
          rec: 0.79043, fnr: 0.20957, fpr: 0.00287, auroc: 0.99284, f1: 0.86437, acc: 0.98275, prc: 0.95366
model saved at ./saved_models/chord_model_lay12_rh1_int_rw_ep50.pt.
epoch: 23, passed number of graphs: 96, train running loss: 0.03350 (passed time: 17m 59s)
          acc: 0.98434, fpr: 0.00286, fnr: 0.18790, rec: 0.81210, prc: 0.95485, f1: 0.87771, auroc: 0.99321
epoch: 23, passed number of graphs: 192, train running loss: 0.03312 (passed time: 18m 4s)
          acc: 0.98434, fpr: 0.00301, fnr: 0.18430, rec: 0.81570, prc: 0.95320, f1: 0.87911, auroc: 0.99264
epoch: 23, passed number of graphs: 288, train running loss: 0.03315 (passed time: 18m 9s)
          acc: 0.98464, fpr: 0.00338, fnr: 0.17635, rec: 0.82365, prc: 0.94770, f1: 0.88133, auroc: 0.99331
epoch: 23, passed number of graphs: 384, train running loss: 0.03282 (passed time: 18m 14s)
          acc: 0.98415, fpr: 0.00363, fnr: 0.17575, rec: 0.82425, prc: 0.94540, f1: 0.88068, auroc: 0.99371
epoch: 23, passed number of graphs: 480, train running loss: 0.03245 (passed time: 18m 20s)
          acc: 0.98553, fpr: 0.00289, fnr: 0.16675, rec: 0.83325, prc: 0.95638, f1: 0.89058, auroc: 0.99361
epoch: 23, passed number of graphs: 576, train running loss: 0.03213 (passed time: 18m 25s)
          acc: 0.98596, fpr: 0.00329, fnr: 0.15880, rec: 0.84120, prc: 0.95003, f1: 0.89231, auroc: 0.99439
epoch: 23, passed number of graphs: 672, train running loss: 0.03184 (passed time: 18m 30s)
          acc: 0.98643, fpr: 0.00438, fnr: 0.13720, rec: 0.86280, prc: 0.93610, f1: 0.89795, auroc: 0.99570
epoch: 23, passed number of graphs: 768, train running loss: 0.03185 (passed time: 18m 35s)
          acc: 0.98822, fpr: 0.00464, fnr: 0.10755, rec: 0.89245, prc: 0.93470, f1: 0.91309, auroc: 0.99606
Validation --- epoch: 23, loss: 0.05883
          rec: 0.87900, fnr: 0.12100, fpr: 0.00296, auroc: 0.99374, f1: 0.91626, acc: 0.98882, prc: 0.95687
model saved at ./saved_models/chord_model_lay12_rh1_int_rw_ep50.pt.
epoch: 24, passed number of graphs: 96, train running loss: 0.02920 (passed time: 18m 48s)
          acc: 0.98799, fpr: 0.00312, fnr: 0.13160, rec: 0.86840, prc: 0.95397, f1: 0.90918, auroc: 0.99488
epoch: 24, passed number of graphs: 192, train running loss: 0.02868 (passed time: 18m 53s)
          acc: 0.98854, fpr: 0.00260, fnr: 0.12960, rec: 0.87040, prc: 0.96177, f1: 0.91381, auroc: 0.99327
epoch: 24, passed number of graphs: 288, train running loss: 0.02836 (passed time: 18m 59s)
          acc: 0.98784, fpr: 0.00397, fnr: 0.12220, rec: 0.87780, prc: 0.94271, f1: 0.90910, auroc: 0.99524
epoch: 24, passed number of graphs: 384, train running loss: 0.02814 (passed time: 19m 4s)
          acc: 0.98787, fpr: 0.00478, fnr: 0.10835, rec: 0.89165, prc: 0.93440, f1: 0.91252, auroc: 0.99632
epoch: 24, passed number of graphs: 480, train running loss: 0.02843 (passed time: 19m 9s)
          acc: 0.99316, fpr: 0.00168, fnr: 0.07475, rec: 0.92525, prc: 0.97672, f1: 0.95029, auroc: 0.99150
epoch: 24, passed number of graphs: 576, train running loss: 0.02814 (passed time: 19m 14s)
          acc: 0.99018, fpr: 0.00317, fnr: 0.09925, rec: 0.90075, prc: 0.95469, f1: 0.92694, auroc: 0.99462
epoch: 24, passed number of graphs: 672, train running loss: 0.02781 (passed time: 19m 20s)
          acc: 0.98979, fpr: 0.00319, fnr: 0.10470, rec: 0.89530, prc: 0.95433, f1: 0.92387, auroc: 0.99541
epoch: 24, passed number of graphs: 768, train running loss: 0.02747 (passed time: 19m 25s)
          acc: 0.99038, fpr: 0.00336, fnr: 0.09380, rec: 0.90620, prc: 0.95264, f1: 0.92884, auroc: 0.99537
Validation --- epoch: 24, loss: 0.04927
          rec: 0.90729, fnr: 0.09271, fpr: 0.00328, auroc: 0.99521, f1: 0.92997, acc: 0.99050, prc: 0.95386
model saved at ./saved_models/chord_model_lay12_rh1_int_rw_ep50.pt.
epoch: 25, passed number of graphs: 96, train running loss: 0.02511 (passed time: 19m 38s)
          acc: 0.99135, fpr: 0.00311, fnr: 0.08320, rec: 0.91680, prc: 0.95639, f1: 0.93618, auroc: 0.99544
epoch: 25, passed number of graphs: 192, train running loss: 0.02468 (passed time: 19m 43s)
          acc: 0.99042, fpr: 0.00296, fnr: 0.09780, rec: 0.90220, prc: 0.95811, f1: 0.92931, auroc: 0.99382
epoch: 25, passed number of graphs: 288, train running loss: 0.02455 (passed time: 19m 48s)
          acc: 0.99128, fpr: 0.00333, fnr: 0.08105, rec: 0.91895, prc: 0.95351, f1: 0.93591, auroc: 0.99455
epoch: 25, passed number of graphs: 384, train running loss: 0.02443 (passed time: 19m 54s)
          acc: 0.99050, fpr: 0.00284, fnr: 0.09660, rec: 0.90340, prc: 0.96040, f1: 0.93103, auroc: 0.99335
epoch: 25, passed number of graphs: 480, train running loss: 0.02422 (passed time: 19m 59s)
          acc: 0.99210, fpr: 0.00358, fnr: 0.06480, rec: 0.93520, prc: 0.95210, f1: 0.94357, auroc: 0.99514
epoch: 25, passed number of graphs: 576, train running loss: 0.02453 (passed time: 20m 4s)
          acc: 0.99277, fpr: 0.00195, fnr: 0.07825, rec: 0.92175, prc: 0.97226, f1: 0.94633, auroc: 0.99318
epoch: 25, passed number of graphs: 672, train running loss: 0.02436 (passed time: 20m 9s)
          acc: 0.99135, fpr: 0.00336, fnr: 0.07980, rec: 0.92020, prc: 0.95313, f1: 0.93638, auroc: 0.99567
epoch: 25, passed number of graphs: 768, train running loss: 0.02412 (passed time: 20m 14s)
          acc: 0.99199, fpr: 0.00380, fnr: 0.06455, rec: 0.93545, prc: 0.94825, f1: 0.94181, auroc: 0.99585
Validation --- epoch: 25, loss: 0.04414
          rec: 0.93136, fnr: 0.06864, fpr: 0.00332, auroc: 0.99518, f1: 0.94280, acc: 0.99214, prc: 0.95457
model saved at ./saved_models/chord_model_lay12_rh1_int_rw_ep50.pt.
epoch: 26, passed number of graphs: 96, train running loss: 0.02270 (passed time: 20m 28s)
          acc: 0.99265, fpr: 0.00321, fnr: 0.06300, rec: 0.93700, prc: 0.95598, f1: 0.94639, auroc: 0.99547
epoch: 26, passed number of graphs: 192, train running loss: 0.02236 (passed time: 20m 33s)
          acc: 0.99199, fpr: 0.00349, fnr: 0.06830, rec: 0.93170, prc: 0.95251, f1: 0.94199, auroc: 0.99446
epoch: 26, passed number of graphs: 288, train running loss: 0.02285 (passed time: 20m 38s)
          acc: 0.99164, fpr: 0.00337, fnr: 0.07540, rec: 0.92460, prc: 0.95325, f1: 0.93870, auroc: 0.99362
epoch: 26, passed number of graphs: 384, train running loss: 0.02273 (passed time: 20m 43s)
          acc: 0.99223, fpr: 0.00380, fnr: 0.05970, rec: 0.94030, prc: 0.94970, f1: 0.94498, auroc: 0.99466
epoch: 26, passed number of graphs: 480, train running loss: 0.02248 (passed time: 20m 48s)
          acc: 0.99307, fpr: 0.00256, fnr: 0.06435, rec: 0.93565, prc: 0.96523, f1: 0.95021, auroc: 0.99284
epoch: 26, passed number of graphs: 576, train running loss: 0.02326 (passed time: 20m 54s)
          acc: 0.98933, fpr: 0.00169, fnr: 0.13165, rec: 0.86835, prc: 0.97452, f1: 0.91838, auroc: 0.99273
epoch: 26, passed number of graphs: 672, train running loss: 0.02315 (passed time: 20m 59s)
          acc: 0.99243, fpr: 0.00379, fnr: 0.05840, rec: 0.94160, prc: 0.94862, f1: 0.94510, auroc: 0.99570
epoch: 26, passed number of graphs: 768, train running loss: 0.02301 (passed time: 21m 4s)
          acc: 0.99049, fpr: 0.00469, fnr: 0.07425, rec: 0.92575, prc: 0.93633, f1: 0.93101, auroc: 0.99638
Validation --- epoch: 26, loss: 0.04402
          rec: 0.91267, fnr: 0.08733, fpr: 0.00303, auroc: 0.99450, f1: 0.93455, acc: 0.99111, prc: 0.95757
model saved at ./saved_models/chord_model_lay12_rh1_int_rw_ep50.pt.
epoch: 27, passed number of graphs: 96, train running loss: 0.02219 (passed time: 21m 17s)
          acc: 0.99355, fpr: 0.00341, fnr: 0.04725, rec: 0.95275, prc: 0.95404, f1: 0.95339, auroc: 0.99560
epoch: 27, passed number of graphs: 192, train running loss: 0.02146 (passed time: 21m 22s)
          acc: 0.99302, fpr: 0.00295, fnr: 0.06075, rec: 0.93925, prc: 0.95989, f1: 0.94946, auroc: 0.99365
epoch: 27, passed number of graphs: 288, train running loss: 0.02145 (passed time: 21m 27s)
          acc: 0.99303, fpr: 0.00324, fnr: 0.05700, rec: 0.94300, prc: 0.95581, f1: 0.94936, auroc: 0.99415
epoch: 27, passed number of graphs: 384, train running loss: 0.02128 (passed time: 21m 33s)
          acc: 0.99303, fpr: 0.00378, fnr: 0.04885, rec: 0.95115, prc: 0.95058, f1: 0.95086, auroc: 0.99431
epoch: 27, passed number of graphs: 480, train running loss: 0.02118 (passed time: 21m 38s)
          acc: 0.99041, fpr: 0.00514, fnr: 0.06810, rec: 0.93190, prc: 0.93232, f1: 0.93211, auroc: 0.99549
epoch: 27, passed number of graphs: 576, train running loss: 0.02137 (passed time: 21m 43s)
          acc: 0.99348, fpr: 0.00245, fnr: 0.06130, rec: 0.93870, prc: 0.96599, f1: 0.95215, auroc: 0.99370
epoch: 27, passed number of graphs: 672, train running loss: 0.02130 (passed time: 21m 48s)
          acc: 0.99327, fpr: 0.00307, fnr: 0.05600, rec: 0.94400, prc: 0.95808, f1: 0.95099, auroc: 0.99477
epoch: 27, passed number of graphs: 768, train running loss: 0.02123 (passed time: 21m 53s)
          acc: 0.99251, fpr: 0.00453, fnr: 0.04720, rec: 0.95280, prc: 0.93997, f1: 0.94634, auroc: 0.99637
Validation --- epoch: 27, loss: 0.03931
          rec: 0.94914, fnr: 0.05086, fpr: 0.00342, auroc: 0.99505, f1: 0.95155, acc: 0.99328, prc: 0.95402
model saved at ./saved_models/chord_model_lay12_rh1_int_rw_ep50.pt.
epoch: 28, passed number of graphs: 96, train running loss: 0.02160 (passed time: 22m 7s)
          acc: 0.99284, fpr: 0.00389, fnr: 0.05120, rec: 0.94880, prc: 0.94780, f1: 0.94830, auroc: 0.99483
epoch: 28, passed number of graphs: 192, train running loss: 0.02087 (passed time: 22m 12s)
          acc: 0.99378, fpr: 0.00335, fnr: 0.04445, rec: 0.95555, prc: 0.95536, f1: 0.95545, auroc: 0.99421
epoch: 28, passed number of graphs: 288, train running loss: 0.02075 (passed time: 22m 17s)
          acc: 0.99383, fpr: 0.00250, fnr: 0.05540, rec: 0.94460, prc: 0.96560, f1: 0.95499, auroc: 0.99271
epoch: 28, passed number of graphs: 384, train running loss: 0.02079 (passed time: 22m 22s)
          acc: 0.99466, fpr: 0.00289, fnr: 0.03730, rec: 0.96270, prc: 0.96212, f1: 0.96241, auroc: 0.99282
epoch: 28, passed number of graphs: 480, train running loss: 0.02055 (passed time: 22m 27s)
          acc: 0.99370, fpr: 0.00290, fnr: 0.05100, rec: 0.94900, prc: 0.96130, f1: 0.95511, auroc: 0.99387
epoch: 28, passed number of graphs: 576, train running loss: 0.02055 (passed time: 22m 33s)
          acc: 0.99282, fpr: 0.00352, fnr: 0.05655, rec: 0.94345, prc: 0.95221, f1: 0.94781, auroc: 0.99496
epoch: 28, passed number of graphs: 672, train running loss: 0.02048 (passed time: 22m 38s)
          acc: 0.99375, fpr: 0.00346, fnr: 0.04380, rec: 0.95620, prc: 0.95358, f1: 0.95489, auroc: 0.99457
epoch: 28, passed number of graphs: 768, train running loss: 0.02034 (passed time: 22m 43s)
          acc: 0.99433, fpr: 0.00302, fnr: 0.04115, rec: 0.95885, prc: 0.95938, f1: 0.95911, auroc: 0.99463
Validation --- epoch: 28, loss: 0.03784
          rec: 0.95355, fnr: 0.04645, fpr: 0.00274, auroc: 0.99398, f1: 0.95827, acc: 0.99422, prc: 0.96309
model saved at ./saved_models/chord_model_lay12_rh1_int_rw_ep50.pt.
epoch: 29, passed number of graphs: 96, train running loss: 0.02162 (passed time: 22m 56s)
          acc: 0.99386, fpr: 0.00442, fnr: 0.02925, rec: 0.97075, prc: 0.94225, f1: 0.95629, auroc: 0.99669
epoch: 29, passed number of graphs: 192, train running loss: 0.02037 (passed time: 23m 1s)
          acc: 0.99389, fpr: 0.00332, fnr: 0.04325, rec: 0.95675, prc: 0.95575, f1: 0.95625, auroc: 0.99434
epoch: 29, passed number of graphs: 288, train running loss: 0.02005 (passed time: 23m 7s)
          acc: 0.99395, fpr: 0.00300, fnr: 0.04705, rec: 0.95295, prc: 0.95938, f1: 0.95615, auroc: 0.99319
epoch: 29, passed number of graphs: 384, train running loss: 0.02006 (passed time: 23m 12s)
          acc: 0.99470, fpr: 0.00275, fnr: 0.03870, rec: 0.96130, prc: 0.96390, f1: 0.96260, auroc: 0.99249
epoch: 29, passed number of graphs: 480, train running loss: 0.02009 (passed time: 23m 17s)
          acc: 0.99293, fpr: 0.00488, fnr: 0.03590, rec: 0.96410, prc: 0.93757, f1: 0.95065, auroc: 0.99529
epoch: 29, passed number of graphs: 576, train running loss: 0.02009 (passed time: 23m 22s)
          acc: 0.99491, fpr: 0.00317, fnr: 0.03095, rec: 0.96905, prc: 0.95784, f1: 0.96341, auroc: 0.99447
epoch: 29, passed number of graphs: 672, train running loss: 0.01991 (passed time: 23m 27s)
          acc: 0.99324, fpr: 0.00465, fnr: 0.03510, rec: 0.96490, prc: 0.93908, f1: 0.95181, auroc: 0.99719
epoch: 29, passed number of graphs: 768, train running loss: 0.02010 (passed time: 23m 33s)
          acc: 0.99550, fpr: 0.00271, fnr: 0.02850, rec: 0.97150, prc: 0.96389, f1: 0.96768, auroc: 0.99366
Validation --- epoch: 29, loss: 0.03805
          rec: 0.96809, fnr: 0.03191, fpr: 0.00285, auroc: 0.99378, f1: 0.96507, acc: 0.99513, prc: 0.96212
EarlyStopping counter: 1 out of 5
epoch: 30, passed number of graphs: 96, train running loss: 0.01935 (passed time: 23m 46s)
          acc: 0.99427, fpr: 0.00261, fnr: 0.04760, rec: 0.95240, prc: 0.96441, f1: 0.95837, auroc: 0.99469
epoch: 30, passed number of graphs: 192, train running loss: 0.02057 (passed time: 23m 51s)
          acc: 0.99452, fpr: 0.00308, fnr: 0.03750, rec: 0.96250, prc: 0.95910, f1: 0.96079, auroc: 0.99437
epoch: 30, passed number of graphs: 288, train running loss: 0.02002 (passed time: 23m 56s)
          acc: 0.99418, fpr: 0.00386, fnr: 0.03220, rec: 0.96780, prc: 0.94915, f1: 0.95838, auroc: 0.99416
epoch: 30, passed number of graphs: 384, train running loss: 0.01962 (passed time: 24m 1s)
          acc: 0.99445, fpr: 0.00313, fnr: 0.03730, rec: 0.96270, prc: 0.95920, f1: 0.96095, auroc: 0.99357
epoch: 30, passed number of graphs: 480, train running loss: 0.01950 (passed time: 24m 7s)
          acc: 0.99348, fpr: 0.00503, fnr: 0.02615, rec: 0.97385, prc: 0.93644, f1: 0.95478, auroc: 0.99690
epoch: 30, passed number of graphs: 576, train running loss: 0.01941 (passed time: 24m 12s)
          acc: 0.99342, fpr: 0.00359, fnr: 0.04685, rec: 0.95315, prc: 0.95177, f1: 0.95246, auroc: 0.99572
epoch: 30, passed number of graphs: 672, train running loss: 0.01953 (passed time: 24m 17s)
          acc: 0.99246, fpr: 0.00553, fnr: 0.03460, rec: 0.96540, prc: 0.92845, f1: 0.94656, auroc: 0.99722
epoch: 30, passed number of graphs: 768, train running loss: 0.01955 (passed time: 24m 22s)
          acc: 0.99421, fpr: 0.00359, fnr: 0.03525, rec: 0.96475, prc: 0.95237, f1: 0.95852, auroc: 0.99656
Validation --- epoch: 30, loss: 0.03646
          rec: 0.96643, fnr: 0.03357, fpr: 0.00460, auroc: 0.99684, f1: 0.95314, acc: 0.99338, prc: 0.94039
model saved at ./saved_models/chord_model_lay12_rh1_int_rw_ep50.pt.
epoch: 31, passed number of graphs: 96, train running loss: 0.02017 (passed time: 24m 35s)
          acc: 0.99444, fpr: 0.00294, fnr: 0.04070, rec: 0.95930, prc: 0.96036, f1: 0.95983, auroc: 0.99550
epoch: 31, passed number of graphs: 192, train running loss: 0.01872 (passed time: 24m 41s)
          acc: 0.99407, fpr: 0.00364, fnr: 0.03650, rec: 0.96350, prc: 0.95208, f1: 0.95775, auroc: 0.99406
epoch: 31, passed number of graphs: 288, train running loss: 0.01853 (passed time: 24m 46s)
          acc: 0.99430, fpr: 0.00183, fnr: 0.05770, rec: 0.94230, prc: 0.97456, f1: 0.95816, auroc: 0.99139
epoch: 31, passed number of graphs: 384, train running loss: 0.01846 (passed time: 24m 51s)
          acc: 0.99386, fpr: 0.00384, fnr: 0.03620, rec: 0.96380, prc: 0.95035, f1: 0.95703, auroc: 0.99507
epoch: 31, passed number of graphs: 480, train running loss: 0.01865 (passed time: 24m 56s)
          acc: 0.99504, fpr: 0.00322, fnr: 0.02785, rec: 0.97215, prc: 0.95830, f1: 0.96518, auroc: 0.99457
epoch: 31, passed number of graphs: 576, train running loss: 0.01853 (passed time: 25m 1s)
          acc: 0.99497, fpr: 0.00264, fnr: 0.03725, rec: 0.96275, prc: 0.96444, f1: 0.96359, auroc: 0.99418
epoch: 31, passed number of graphs: 672, train running loss: 0.01843 (passed time: 25m 7s)
          acc: 0.99604, fpr: 0.00177, fnr: 0.03340, rec: 0.96660, prc: 0.97597, f1: 0.97126, auroc: 0.99196
epoch: 31, passed number of graphs: 768, train running loss: 0.01870 (passed time: 25m 12s)
          acc: 0.99559, fpr: 0.00194, fnr: 0.03765, rec: 0.96235, prc: 0.97369, f1: 0.96799, auroc: 0.99014
Validation --- epoch: 31, loss: 0.04189
          rec: 0.95282, fnr: 0.04718, fpr: 0.00217, auroc: 0.98909, f1: 0.96152, acc: 0.99469, prc: 0.97043
EarlyStopping counter: 1 out of 5
epoch: 32, passed number of graphs: 96, train running loss: 0.02640 (passed time: 25m 25s)
          acc: 0.99452, fpr: 0.00228, fnr: 0.04860, rec: 0.95140, prc: 0.96879, f1: 0.96002, auroc: 0.99213
epoch: 32, passed number of graphs: 192, train running loss: 0.02166 (passed time: 25m 30s)
          acc: 0.99441, fpr: 0.00344, fnr: 0.03425, rec: 0.96575, prc: 0.95472, f1: 0.96020, auroc: 0.99420
epoch: 32, passed number of graphs: 288, train running loss: 0.02073 (passed time: 25m 35s)
          acc: 0.98871, fpr: 0.00164, fnr: 0.14085, rec: 0.85915, prc: 0.97492, f1: 0.91338, auroc: 0.98903
epoch: 32, passed number of graphs: 384, train running loss: 0.02063 (passed time: 25m 41s)
          acc: 0.99340, fpr: 0.00408, fnr: 0.03955, rec: 0.96045, prc: 0.94728, f1: 0.95382, auroc: 0.99516
epoch: 32, passed number of graphs: 480, train running loss: 0.01995 (passed time: 25m 46s)
          acc: 0.99445, fpr: 0.00343, fnr: 0.03355, rec: 0.96645, prc: 0.95546, f1: 0.96092, auroc: 0.99577
epoch: 32, passed number of graphs: 576, train running loss: 0.01936 (passed time: 25m 51s)
          acc: 0.99372, fpr: 0.00369, fnr: 0.04115, rec: 0.95885, prc: 0.95067, f1: 0.95474, auroc: 0.99528
epoch: 32, passed number of graphs: 672, train running loss: 0.01887 (passed time: 25m 56s)
          acc: 0.99323, fpr: 0.00531, fnr: 0.02645, rec: 0.97355, prc: 0.93167, f1: 0.95215, auroc: 0.99768
epoch: 32, passed number of graphs: 768, train running loss: 0.01901 (passed time: 26m 1s)
          acc: 0.99341, fpr: 0.00263, fnr: 0.05980, rec: 0.94020, prc: 0.96386, f1: 0.95188, auroc: 0.99117
Validation --- epoch: 32, loss: 0.03483
          rec: 0.93901, fnr: 0.06099, fpr: 0.00282, auroc: 0.99229, f1: 0.95009, acc: 0.99314, prc: 0.96152
model saved at ./saved_models/chord_model_lay12_rh1_int_rw_ep50.pt.
epoch: 33, passed number of graphs: 96, train running loss: 0.01813 (passed time: 26m 15s)
          acc: 0.99622, fpr: 0.00217, fnr: 0.02530, rec: 0.97470, prc: 0.97087, f1: 0.97278, auroc: 0.99284
epoch: 33, passed number of graphs: 192, train running loss: 0.01709 (passed time: 26m 20s)
          acc: 0.99443, fpr: 0.00349, fnr: 0.03335, rec: 0.96665, prc: 0.95415, f1: 0.96036, auroc: 0.99416
epoch: 33, passed number of graphs: 288, train running loss: 0.01708 (passed time: 26m 25s)
          acc: 0.99461, fpr: 0.00259, fnr: 0.04305, rec: 0.95695, prc: 0.96496, f1: 0.96094, auroc: 0.99389
epoch: 33, passed number of graphs: 384, train running loss: 0.01749 (passed time: 26m 30s)
          acc: 0.99458, fpr: 0.00257, fnr: 0.04280, rec: 0.95720, prc: 0.96609, f1: 0.96162, auroc: 0.99162
epoch: 33, passed number of graphs: 480, train running loss: 0.01708 (passed time: 26m 35s)
          acc: 0.99436, fpr: 0.00412, fnr: 0.02560, rec: 0.97440, prc: 0.94735, f1: 0.96069, auroc: 0.99663
epoch: 33, passed number of graphs: 576, train running loss: 0.01678 (passed time: 26m 41s)
          acc: 0.99482, fpr: 0.00311, fnr: 0.03310, rec: 0.96690, prc: 0.95847, f1: 0.96266, auroc: 0.99506
epoch: 33, passed number of graphs: 672, train running loss: 0.01679 (passed time: 26m 46s)
          acc: 0.99316, fpr: 0.00531, fnr: 0.02740, rec: 0.97260, prc: 0.93161, f1: 0.95166, auroc: 0.99774
epoch: 33, passed number of graphs: 768, train running loss: 0.01673 (passed time: 26m 51s)
          acc: 0.99244, fpr: 0.00230, fnr: 0.07820, rec: 0.92180, prc: 0.96757, f1: 0.94413, auroc: 0.99211
Validation --- epoch: 33, loss: 0.03302
          rec: 0.93695, fnr: 0.06305, fpr: 0.00266, auroc: 0.99332, f1: 0.94997, acc: 0.99314, prc: 0.96346
model saved at ./saved_models/chord_model_lay12_rh1_int_rw_ep50.pt.
epoch: 34, passed number of graphs: 96, train running loss: 0.02209 (passed time: 27m 4s)
          acc: 0.99102, fpr: 0.00192, fnr: 0.10400, rec: 0.89600, prc: 0.97201, f1: 0.93246, auroc: 0.99266
epoch: 34, passed number of graphs: 192, train running loss: 0.01918 (passed time: 27m 9s)
          acc: 0.99548, fpr: 0.00265, fnr: 0.02945, rec: 0.97055, prc: 0.96486, f1: 0.96770, auroc: 0.99315
epoch: 34, passed number of graphs: 288, train running loss: 0.01802 (passed time: 27m 15s)
          acc: 0.99494, fpr: 0.00310, fnr: 0.03140, rec: 0.96860, prc: 0.95873, f1: 0.96364, auroc: 0.99495
epoch: 34, passed number of graphs: 384, train running loss: 0.01722 (passed time: 27m 20s)
          acc: 0.99458, fpr: 0.00262, fnr: 0.04210, rec: 0.95790, prc: 0.96538, f1: 0.96163, auroc: 0.99312
epoch: 34, passed number of graphs: 480, train running loss: 0.01664 (passed time: 27m 25s)
          acc: 0.99389, fpr: 0.00463, fnr: 0.02550, rec: 0.97450, prc: 0.94114, f1: 0.95753, auroc: 0.99717
epoch: 34, passed number of graphs: 576, train running loss: 0.01653 (passed time: 27m 30s)
          acc: 0.99478, fpr: 0.00332, fnr: 0.03080, rec: 0.96920, prc: 0.95591, f1: 0.96251, auroc: 0.99542
epoch: 34, passed number of graphs: 672, train running loss: 0.01624 (passed time: 27m 35s)
          acc: 0.99511, fpr: 0.00351, fnr: 0.02350, rec: 0.97650, prc: 0.95389, f1: 0.96506, auroc: 0.99630
epoch: 34, passed number of graphs: 768, train running loss: 0.01622 (passed time: 27m 41s)
          acc: 0.99505, fpr: 0.00306, fnr: 0.03030, rec: 0.96970, prc: 0.95939, f1: 0.96452, auroc: 0.99458
Validation --- epoch: 34, loss: 0.02951
          rec: 0.96100, fnr: 0.03900, fpr: 0.00331, auroc: 0.99361, f1: 0.95848, acc: 0.99421, prc: 0.95607
model saved at ./saved_models/chord_model_lay12_rh1_int_rw_ep50.pt.
epoch: 35, passed number of graphs: 96, train running loss: 0.01528 (passed time: 27m 54s)
          acc: 0.99567, fpr: 0.00203, fnr: 0.03515, rec: 0.96485, prc: 0.97243, f1: 0.96863, auroc: 0.99408
epoch: 35, passed number of graphs: 192, train running loss: 0.01461 (passed time: 27m 59s)
          acc: 0.99428, fpr: 0.00388, fnr: 0.03020, rec: 0.96980, prc: 0.94934, f1: 0.95946, auroc: 0.99578
epoch: 35, passed number of graphs: 288, train running loss: 0.01484 (passed time: 28m 4s)
          acc: 0.99490, fpr: 0.00379, fnr: 0.02275, rec: 0.97725, prc: 0.95049, f1: 0.96369, auroc: 0.99667
epoch: 35, passed number of graphs: 384, train running loss: 0.01483 (passed time: 28m 9s)
          acc: 0.99416, fpr: 0.00309, fnr: 0.04180, rec: 0.95820, prc: 0.95950, f1: 0.95885, auroc: 0.99445
epoch: 35, passed number of graphs: 480, train running loss: 0.01489 (passed time: 28m 14s)
          acc: 0.99376, fpr: 0.00345, fnr: 0.04285, rec: 0.95715, prc: 0.95472, f1: 0.95593, auroc: 0.99489
epoch: 35, passed number of graphs: 576, train running loss: 0.01483 (passed time: 28m 20s)
          acc: 0.99158, fpr: 0.00378, fnr: 0.07085, rec: 0.92915, prc: 0.94802, f1: 0.93849, auroc: 0.99409
epoch: 35, passed number of graphs: 672, train running loss: 0.01469 (passed time: 28m 25s)
          acc: 0.99429, fpr: 0.00434, fnr: 0.02420, rec: 0.97580, prc: 0.94358, f1: 0.95942, auroc: 0.99731
epoch: 35, passed number of graphs: 768, train running loss: 0.01454 (passed time: 28m 30s)
          acc: 0.99532, fpr: 0.00253, fnr: 0.03360, rec: 0.96640, prc: 0.96606, f1: 0.96623, auroc: 0.99503
Validation --- epoch: 35, loss: 0.02542
          rec: 0.96874, fnr: 0.03126, fpr: 0.00358, auroc: 0.99618, f1: 0.96076, acc: 0.99449, prc: 0.95306
model saved at ./saved_models/chord_model_lay12_rh1_int_rw_ep50.pt.
epoch: 36, passed number of graphs: 96, train running loss: 0.01603 (passed time: 28m 43s)
          acc: 0.99718, fpr: 0.00149, fnr: 0.02070, rec: 0.97930, prc: 0.97989, f1: 0.97959, auroc: 0.99152
epoch: 36, passed number of graphs: 192, train running loss: 0.01522 (passed time: 28m 48s)
          acc: 0.99478, fpr: 0.00311, fnr: 0.03335, rec: 0.96665, prc: 0.95888, f1: 0.96275, auroc: 0.99499
epoch: 36, passed number of graphs: 288, train running loss: 0.01446 (passed time: 28m 54s)
          acc: 0.99553, fpr: 0.00258, fnr: 0.02985, rec: 0.97015, prc: 0.96552, f1: 0.96783, auroc: 0.99533
epoch: 36, passed number of graphs: 384, train running loss: 0.01405 (passed time: 28m 59s)
          acc: 0.99486, fpr: 0.00283, fnr: 0.03540, rec: 0.96460, prc: 0.96301, f1: 0.96380, auroc: 0.99472
epoch: 36, passed number of graphs: 480, train running loss: 0.01529 (passed time: 29m 4s)
          acc: 0.99607, fpr: 0.00133, fnr: 0.03815, rec: 0.96185, prc: 0.98213, f1: 0.97188, auroc: 0.99167
epoch: 36, passed number of graphs: 576, train running loss: 0.01606 (passed time: 29m 9s)
          acc: 0.99249, fpr: 0.00408, fnr: 0.05370, rec: 0.94630, prc: 0.94512, f1: 0.94571, auroc: 0.99467
epoch: 36, passed number of graphs: 672, train running loss: 0.01578 (passed time: 29m 14s)
          acc: 0.99264, fpr: 0.00605, fnr: 0.02500, rec: 0.97500, prc: 0.92295, f1: 0.94826, auroc: 0.99737
epoch: 36, passed number of graphs: 768, train running loss: 0.01582 (passed time: 29m 20s)
          acc: 0.99432, fpr: 0.00398, fnr: 0.02850, rec: 0.97150, prc: 0.94780, f1: 0.95951, auroc: 0.99640
Validation --- epoch: 36, loss: 0.02612
          rec: 0.96963, fnr: 0.03037, fpr: 0.00419, auroc: 0.99687, f1: 0.95737, acc: 0.99399, prc: 0.94559
EarlyStopping counter: 1 out of 5
epoch: 37, passed number of graphs: 96, train running loss: 0.01280 (passed time: 29m 33s)
          acc: 0.99588, fpr: 0.00262, fnr: 0.02435, rec: 0.97565, prc: 0.96513, f1: 0.97036, auroc: 0.99569
epoch: 37, passed number of graphs: 192, train running loss: 0.01247 (passed time: 29m 38s)
          acc: 0.99491, fpr: 0.00295, fnr: 0.03365, rec: 0.96635, prc: 0.96092, f1: 0.96363, auroc: 0.99568
epoch: 37, passed number of graphs: 288, train running loss: 0.01251 (passed time: 29m 43s)
          acc: 0.99612, fpr: 0.00233, fnr: 0.02465, rec: 0.97535, prc: 0.96886, f1: 0.97209, auroc: 0.99526
epoch: 37, passed number of graphs: 384, train running loss: 0.01240 (passed time: 29m 48s)
          acc: 0.99537, fpr: 0.00241, fnr: 0.03370, rec: 0.96630, prc: 0.96838, f1: 0.96734, auroc: 0.99387
epoch: 37, passed number of graphs: 480, train running loss: 0.01241 (passed time: 29m 54s)
          acc: 0.99549, fpr: 0.00288, fnr: 0.02600, rec: 0.97400, prc: 0.96259, f1: 0.96826, auroc: 0.99595
epoch: 37, passed number of graphs: 576, train running loss: 0.01245 (passed time: 29m 59s)
          acc: 0.99287, fpr: 0.00284, fnr: 0.06495, rec: 0.93505, prc: 0.96070, f1: 0.94770, auroc: 0.99366
epoch: 37, passed number of graphs: 672, train running loss: 0.01240 (passed time: 30m 4s)
          acc: 0.99465, fpr: 0.00408, fnr: 0.02240, rec: 0.97760, prc: 0.94683, f1: 0.96197, auroc: 0.99728
epoch: 37, passed number of graphs: 768, train running loss: 0.01260 (passed time: 30m 9s)
          acc: 0.99638, fpr: 0.00200, fnr: 0.02540, rec: 0.97460, prc: 0.97324, f1: 0.97392, auroc: 0.99406
Validation --- epoch: 37, loss: 0.02561
          rec: 0.97372, fnr: 0.02628, fpr: 0.00232, auroc: 0.99428, f1: 0.97141, acc: 0.99601, prc: 0.96917
EarlyStopping counter: 2 out of 5
epoch: 38, passed number of graphs: 96, train running loss: 0.01180 (passed time: 30m 22s)
          acc: 0.99575, fpr: 0.00279, fnr: 0.02395, rec: 0.97605, prc: 0.96300, f1: 0.96948, auroc: 0.99660
epoch: 38, passed number of graphs: 192, train running loss: 0.01140 (passed time: 30m 27s)
          acc: 0.99529, fpr: 0.00295, fnr: 0.02820, rec: 0.97180, prc: 0.96113, f1: 0.96644, auroc: 0.99621
epoch: 38, passed number of graphs: 288, train running loss: 0.01118 (passed time: 30m 33s)
          acc: 0.99597, fpr: 0.00242, fnr: 0.02565, rec: 0.97435, prc: 0.96767, f1: 0.97100, auroc: 0.99593
epoch: 38, passed number of graphs: 384, train running loss: 0.01111 (passed time: 30m 38s)
          acc: 0.99554, fpr: 0.00286, fnr: 0.02550, rec: 0.97450, prc: 0.96304, f1: 0.96874, auroc: 0.99539
epoch: 38, passed number of graphs: 480, train running loss: 0.01102 (passed time: 30m 43s)
          acc: 0.99563, fpr: 0.00286, fnr: 0.02435, rec: 0.97565, prc: 0.96294, f1: 0.96925, auroc: 0.99649
epoch: 38, passed number of graphs: 576, train running loss: 0.01100 (passed time: 30m 48s)
          acc: 0.99529, fpr: 0.00318, fnr: 0.02535, rec: 0.97465, prc: 0.95789, f1: 0.96620, auroc: 0.99664
epoch: 38, passed number of graphs: 672, train running loss: 0.01097 (passed time: 30m 53s)
          acc: 0.99505, fpr: 0.00347, fnr: 0.02490, rec: 0.97510, prc: 0.95430, f1: 0.96459, auroc: 0.99682
epoch: 38, passed number of graphs: 768, train running loss: 0.01095 (passed time: 30m 59s)
          acc: 0.99595, fpr: 0.00243, fnr: 0.02585, rec: 0.97415, prc: 0.96762, f1: 0.97087, auroc: 0.99605
Validation --- epoch: 38, loss: 0.02109
          rec: 0.97403, fnr: 0.02597, fpr: 0.00301, auroc: 0.99644, f1: 0.96712, acc: 0.99539, prc: 0.96040
model saved at ./saved_models/chord_model_lay12_rh1_int_rw_ep50.pt.
epoch: 39, passed number of graphs: 96, train running loss: 0.01094 (passed time: 31m 12s)
          acc: 0.99604, fpr: 0.00251, fnr: 0.02340, rec: 0.97660, prc: 0.96660, f1: 0.97157, auroc: 0.99644
epoch: 39, passed number of graphs: 192, train running loss: 0.01078 (passed time: 31m 17s)
          acc: 0.99542, fpr: 0.00287, fnr: 0.02730, rec: 0.97270, prc: 0.96216, f1: 0.96740, auroc: 0.99620
epoch: 39, passed number of graphs: 288, train running loss: 0.01069 (passed time: 31m 22s)
          acc: 0.99605, fpr: 0.00228, fnr: 0.02635, rec: 0.97365, prc: 0.96943, f1: 0.97154, auroc: 0.99569
epoch: 39, passed number of graphs: 384, train running loss: 0.01067 (passed time: 31m 27s)
          acc: 0.99560, fpr: 0.00268, fnr: 0.02680, rec: 0.97320, prc: 0.96514, f1: 0.96915, auroc: 0.99528
epoch: 39, passed number of graphs: 480, train running loss: 0.01062 (passed time: 31m 33s)
          acc: 0.99588, fpr: 0.00262, fnr: 0.02390, rec: 0.97610, prc: 0.96591, f1: 0.97098, auroc: 0.99614
epoch: 39, passed number of graphs: 576, train running loss: 0.01065 (passed time: 31m 38s)
          acc: 0.99547, fpr: 0.00301, fnr: 0.02495, rec: 0.97505, prc: 0.96003, f1: 0.96748, auroc: 0.99646
epoch: 39, passed number of graphs: 672, train running loss: 0.01063 (passed time: 31m 43s)
          acc: 0.99539, fpr: 0.00301, fnr: 0.02605, rec: 0.97395, prc: 0.96003, f1: 0.96694, auroc: 0.99598
epoch: 39, passed number of graphs: 768, train running loss: 0.01061 (passed time: 31m 48s)
          acc: 0.99608, fpr: 0.00222, fnr: 0.02685, rec: 0.97315, prc: 0.97034, f1: 0.97174, auroc: 0.99563
Validation --- epoch: 39, loss: 0.02052
          rec: 0.97374, fnr: 0.02626, fpr: 0.00299, auroc: 0.99648, f1: 0.96712, acc: 0.99539, prc: 0.96070
model saved at ./saved_models/chord_model_lay12_rh1_int_rw_ep50.pt.
epoch: 40, passed number of graphs: 96, train running loss: 0.01077 (passed time: 32m 1s)
          acc: 0.99567, fpr: 0.00303, fnr: 0.02180, rec: 0.97820, prc: 0.95996, f1: 0.96899, auroc: 0.99712
epoch: 40, passed number of graphs: 192, train running loss: 0.01055 (passed time: 32m 6s)
          acc: 0.99542, fpr: 0.00292, fnr: 0.02665, rec: 0.97335, prc: 0.96157, f1: 0.96742, auroc: 0.99657
epoch: 40, passed number of graphs: 288, train running loss: 0.01041 (passed time: 32m 12s)
          acc: 0.99609, fpr: 0.00215, fnr: 0.02750, rec: 0.97250, prc: 0.97114, f1: 0.97182, auroc: 0.99528
epoch: 40, passed number of graphs: 384, train running loss: 0.01037 (passed time: 32m 17s)
          acc: 0.99573, fpr: 0.00249, fnr: 0.02765, rec: 0.97235, prc: 0.96756, f1: 0.96995, auroc: 0.99489
epoch: 40, passed number of graphs: 480, train running loss: 0.01032 (passed time: 32m 22s)
          acc: 0.99592, fpr: 0.00260, fnr: 0.02350, rec: 0.97650, prc: 0.96616, f1: 0.97130, auroc: 0.99608
epoch: 40, passed number of graphs: 576, train running loss: 0.01035 (passed time: 32m 27s)
          acc: 0.99551, fpr: 0.00292, fnr: 0.02565, rec: 0.97435, prc: 0.96123, f1: 0.96775, auroc: 0.99651
epoch: 40, passed number of graphs: 672, train running loss: 0.01032 (passed time: 32m 33s)
          acc: 0.99551, fpr: 0.00295, fnr: 0.02515, rec: 0.97485, prc: 0.96087, f1: 0.96781, auroc: 0.99607
epoch: 40, passed number of graphs: 768, train running loss: 0.01029 (passed time: 32m 38s)
          acc: 0.99619, fpr: 0.00210, fnr: 0.02680, rec: 0.97320, prc: 0.97184, f1: 0.97252, auroc: 0.99550
Validation --- epoch: 40, loss: 0.01994
          rec: 0.97436, fnr: 0.02564, fpr: 0.00291, auroc: 0.99659, f1: 0.96794, acc: 0.99551, prc: 0.96170
model saved at ./saved_models/chord_model_lay12_rh1_int_rw_ep50.pt.
epoch: 41, passed number of graphs: 96, train running loss: 0.01034 (passed time: 32m 51s)
          acc: 0.99577, fpr: 0.00283, fnr: 0.02310, rec: 0.97690, prc: 0.96251, f1: 0.96965, auroc: 0.99729
epoch: 41, passed number of graphs: 192, train running loss: 0.01016 (passed time: 32m 56s)
          acc: 0.99575, fpr: 0.00253, fnr: 0.02710, rec: 0.97290, prc: 0.96647, f1: 0.96968, auroc: 0.99603
epoch: 41, passed number of graphs: 288, train running loss: 0.01007 (passed time: 33m 1s)
          acc: 0.99635, fpr: 0.00185, fnr: 0.02780, rec: 0.97220, prc: 0.97503, f1: 0.97361, auroc: 0.99497
epoch: 41, passed number of graphs: 384, train running loss: 0.01005 (passed time: 33m 7s)
          acc: 0.99562, fpr: 0.00271, fnr: 0.02625, rec: 0.97375, prc: 0.96483, f1: 0.96927, auroc: 0.99585
epoch: 41, passed number of graphs: 480, train running loss: 0.01004 (passed time: 33m 12s)
          acc: 0.99607, fpr: 0.00242, fnr: 0.02375, rec: 0.97625, prc: 0.96845, f1: 0.97234, auroc: 0.99598
epoch: 41, passed number of graphs: 576, train running loss: 0.01007 (passed time: 33m 17s)
          acc: 0.99533, fpr: 0.00315, fnr: 0.02510, rec: 0.97490, prc: 0.95827, f1: 0.96652, auroc: 0.99743
epoch: 41, passed number of graphs: 672, train running loss: 0.01007 (passed time: 33m 22s)
          acc: 0.99531, fpr: 0.00301, fnr: 0.02730, rec: 0.97270, prc: 0.96008, f1: 0.96635, auroc: 0.99639
epoch: 41, passed number of graphs: 768, train running loss: 0.01004 (passed time: 33m 27s)
          acc: 0.99595, fpr: 0.00243, fnr: 0.02575, rec: 0.97425, prc: 0.96757, f1: 0.97090, auroc: 0.99657
Validation --- epoch: 41, loss: 0.01935
          rec: 0.97501, fnr: 0.02499, fpr: 0.00305, auroc: 0.99696, f1: 0.96737, acc: 0.99542, prc: 0.95995
model saved at ./saved_models/chord_model_lay12_rh1_int_rw_ep50.pt.
epoch: 42, passed number of graphs: 96, train running loss: 0.01001 (passed time: 33m 40s)
          acc: 0.99568, fpr: 0.00286, fnr: 0.02395, rec: 0.97605, prc: 0.96215, f1: 0.96905, auroc: 0.99750
epoch: 42, passed number of graphs: 192, train running loss: 0.00990 (passed time: 33m 46s)
          acc: 0.99560, fpr: 0.00273, fnr: 0.02665, rec: 0.97335, prc: 0.96395, f1: 0.96863, auroc: 0.99636
epoch: 42, passed number of graphs: 288, train running loss: 0.00981 (passed time: 33m 51s)
          acc: 0.99648, fpr: 0.00179, fnr: 0.02680, rec: 0.97320, prc: 0.97588, f1: 0.97454, auroc: 0.99505
epoch: 42, passed number of graphs: 384, train running loss: 0.00980 (passed time: 33m 56s)
          acc: 0.99576, fpr: 0.00265, fnr: 0.02510, rec: 0.97490, prc: 0.96568, f1: 0.97027, auroc: 0.99600
epoch: 42, passed number of graphs: 480, train running loss: 0.00977 (passed time: 34m 1s)
          acc: 0.99591, fpr: 0.00266, fnr: 0.02285, rec: 0.97715, prc: 0.96542, f1: 0.97125, auroc: 0.99701
epoch: 42, passed number of graphs: 576, train running loss: 0.00980 (passed time: 34m 6s)
          acc: 0.99586, fpr: 0.00251, fnr: 0.02620, rec: 0.97380, prc: 0.96650, f1: 0.97014, auroc: 0.99665
epoch: 42, passed number of graphs: 672, train running loss: 0.00976 (passed time: 34m 12s)
          acc: 0.99505, fpr: 0.00344, fnr: 0.02535, rec: 0.97465, prc: 0.95470, f1: 0.96457, auroc: 0.99733
epoch: 42, passed number of graphs: 768, train running loss: 0.00982 (passed time: 34m 17s)
          acc: 0.99642, fpr: 0.00193, fnr: 0.02580, rec: 0.97420, prc: 0.97415, f1: 0.97418, auroc: 0.99567
Validation --- epoch: 42, loss: 0.01885
          rec: 0.97613, fnr: 0.02387, fpr: 0.00277, auroc: 0.99686, f1: 0.96976, acc: 0.99576, prc: 0.96357
model saved at ./saved_models/chord_model_lay12_rh1_int_rw_ep50.pt.
epoch: 43, passed number of graphs: 96, train running loss: 0.00988 (passed time: 34m 30s)
          acc: 0.99556, fpr: 0.00306, fnr: 0.02305, rec: 0.97695, prc: 0.95958, f1: 0.96819, auroc: 0.99778
epoch: 43, passed number of graphs: 192, train running loss: 0.00967 (passed time: 34m 35s)
          acc: 0.99559, fpr: 0.00272, fnr: 0.02685, rec: 0.97315, prc: 0.96404, f1: 0.96857, auroc: 0.99648
epoch: 43, passed number of graphs: 288, train running loss: 0.00961 (passed time: 34m 40s)
          acc: 0.99660, fpr: 0.00179, fnr: 0.02510, rec: 0.97490, prc: 0.97597, f1: 0.97544, auroc: 0.99522
epoch: 43, passed number of graphs: 384, train running loss: 0.00955 (passed time: 34m 46s)
          acc: 0.99580, fpr: 0.00270, fnr: 0.02390, rec: 0.97610, prc: 0.96505, f1: 0.97054, auroc: 0.99700
epoch: 43, passed number of graphs: 480, train running loss: 0.00954 (passed time: 34m 51s)
          acc: 0.99541, fpr: 0.00331, fnr: 0.02145, rec: 0.97855, prc: 0.95739, f1: 0.96786, auroc: 0.99811
epoch: 43, passed number of graphs: 576, train running loss: 0.00959 (passed time: 34m 56s)
          acc: 0.99592, fpr: 0.00242, fnr: 0.02645, rec: 0.97355, prc: 0.96760, f1: 0.97057, auroc: 0.99647
epoch: 43, passed number of graphs: 672, train running loss: 0.00956 (passed time: 35m 1s)
          acc: 0.99518, fpr: 0.00311, fnr: 0.02775, rec: 0.97225, prc: 0.95868, f1: 0.96542, auroc: 0.99684
epoch: 43, passed number of graphs: 768, train running loss: 0.00955 (passed time: 35m 6s)
          acc: 0.99610, fpr: 0.00231, fnr: 0.02535, rec: 0.97465, prc: 0.96922, f1: 0.97193, auroc: 0.99713
Validation --- epoch: 43, loss: 0.01809
          rec: 0.97399, fnr: 0.02601, fpr: 0.00258, auroc: 0.99687, f1: 0.96987, acc: 0.99579, prc: 0.96587
model saved at ./saved_models/chord_model_lay12_rh1_int_rw_ep50.pt.
epoch: 44, passed number of graphs: 96, train running loss: 0.00945 (passed time: 35m 20s)
          acc: 0.99524, fpr: 0.00340, fnr: 0.02310, rec: 0.97690, prc: 0.95526, f1: 0.96596, auroc: 0.99820
epoch: 44, passed number of graphs: 192, train running loss: 0.00942 (passed time: 35m 25s)
          acc: 0.99520, fpr: 0.00320, fnr: 0.02610, rec: 0.97390, prc: 0.95809, f1: 0.96593, auroc: 0.99726
epoch: 44, passed number of graphs: 288, train running loss: 0.00933 (passed time: 35m 30s)
          acc: 0.99679, fpr: 0.00160, fnr: 0.02495, rec: 0.97505, prc: 0.97847, f1: 0.97676, auroc: 0.99480
epoch: 44, passed number of graphs: 384, train running loss: 0.00932 (passed time: 35m 35s)
          acc: 0.99565, fpr: 0.00301, fnr: 0.02190, rec: 0.97810, prc: 0.96123, f1: 0.96959, auroc: 0.99742
epoch: 44, passed number of graphs: 480, train running loss: 0.00934 (passed time: 35m 40s)
          acc: 0.99512, fpr: 0.00363, fnr: 0.02120, rec: 0.97880, prc: 0.95344, f1: 0.96595, auroc: 0.99867
epoch: 44, passed number of graphs: 576, train running loss: 0.00940 (passed time: 35m 46s)
          acc: 0.99596, fpr: 0.00230, fnr: 0.02755, rec: 0.97245, prc: 0.96915, f1: 0.97080, auroc: 0.99639
epoch: 44, passed number of graphs: 672, train running loss: 0.00939 (passed time: 35m 51s)
          acc: 0.99579, fpr: 0.00232, fnr: 0.02965, rec: 0.97035, prc: 0.96890, f1: 0.96962, auroc: 0.99552
epoch: 44, passed number of graphs: 768, train running loss: 0.00939 (passed time: 35m 56s)
          acc: 0.99610, fpr: 0.00229, fnr: 0.02560, rec: 0.97440, prc: 0.96946, f1: 0.97192, auroc: 0.99735
Validation --- epoch: 44, loss: 0.01760
          rec: 0.97434, fnr: 0.02566, fpr: 0.00251, auroc: 0.99690, f1: 0.97050, acc: 0.99588, prc: 0.96676
model saved at ./saved_models/chord_model_lay12_rh1_int_rw_ep50.pt.
epoch: 45, passed number of graphs: 96, train running loss: 0.00924 (passed time: 36m 9s)
          acc: 0.99535, fpr: 0.00322, fnr: 0.02385, rec: 0.97615, prc: 0.95753, f1: 0.96675, auroc: 0.99821
epoch: 45, passed number of graphs: 192, train running loss: 0.00912 (passed time: 36m 15s)
          acc: 0.99573, fpr: 0.00245, fnr: 0.02855, rec: 0.97145, prc: 0.96748, f1: 0.96946, auroc: 0.99651
epoch: 45, passed number of graphs: 288, train running loss: 0.00908 (passed time: 36m 20s)
          acc: 0.99677, fpr: 0.00161, fnr: 0.02505, rec: 0.97495, prc: 0.97833, f1: 0.97663, auroc: 0.99494
epoch: 45, passed number of graphs: 384, train running loss: 0.00909 (passed time: 36m 25s)
          acc: 0.99620, fpr: 0.00232, fnr: 0.02310, rec: 0.97690, prc: 0.96982, f1: 0.97335, auroc: 0.99633
epoch: 45, passed number of graphs: 480, train running loss: 0.00902 (passed time: 36m 30s)
          acc: 0.99602, fpr: 0.00246, fnr: 0.02385, rec: 0.97615, prc: 0.96787, f1: 0.97199, auroc: 0.99812
epoch: 45, passed number of graphs: 576, train running loss: 0.00901 (passed time: 36m 35s)
          acc: 0.99608, fpr: 0.00214, fnr: 0.02790, rec: 0.97210, prc: 0.97118, f1: 0.97164, auroc: 0.99636
epoch: 45, passed number of graphs: 672, train running loss: 0.00903 (passed time: 36m 40s)
          acc: 0.99565, fpr: 0.00276, fnr: 0.02575, rec: 0.97425, prc: 0.96327, f1: 0.96873, auroc: 0.99673
epoch: 45, passed number of graphs: 768, train running loss: 0.00901 (passed time: 36m 46s)
          acc: 0.99620, fpr: 0.00228, fnr: 0.02420, rec: 0.97580, prc: 0.96955, f1: 0.97266, auroc: 0.99744
Validation --- epoch: 45, loss: 0.01727
          rec: 0.97606, fnr: 0.02394, fpr: 0.00239, auroc: 0.99682, f1: 0.97218, acc: 0.99611, prc: 0.96840
model saved at ./saved_models/chord_model_lay12_rh1_int_rw_ep50.pt.
epoch: 46, passed number of graphs: 96, train running loss: 0.00915 (passed time: 36m 59s)
          acc: 0.99532, fpr: 0.00319, fnr: 0.02475, rec: 0.97525, prc: 0.95791, f1: 0.96650, auroc: 0.99830
epoch: 46, passed number of graphs: 192, train running loss: 0.00897 (passed time: 37m 4s)
          acc: 0.99554, fpr: 0.00266, fnr: 0.02850, rec: 0.97150, prc: 0.96479, f1: 0.96814, auroc: 0.99702
epoch: 46, passed number of graphs: 288, train running loss: 0.00885 (passed time: 37m 9s)
          acc: 0.99684, fpr: 0.00170, fnr: 0.02290, rec: 0.97710, prc: 0.97720, f1: 0.97715, auroc: 0.99540
epoch: 46, passed number of graphs: 384, train running loss: 0.00882 (passed time: 37m 15s)
          acc: 0.99618, fpr: 0.00227, fnr: 0.02405, rec: 0.97595, prc: 0.97042, f1: 0.97318, auroc: 0.99711
epoch: 46, passed number of graphs: 480, train running loss: 0.00874 (passed time: 37m 20s)
          acc: 0.99614, fpr: 0.00240, fnr: 0.02315, rec: 0.97685, prc: 0.96876, f1: 0.97279, auroc: 0.99809
epoch: 46, passed number of graphs: 576, train running loss: 0.00876 (passed time: 37m 25s)
          acc: 0.99581, fpr: 0.00237, fnr: 0.02870, rec: 0.97130, prc: 0.96820, f1: 0.96975, auroc: 0.99697
epoch: 46, passed number of graphs: 672, train running loss: 0.00875 (passed time: 37m 30s)
          acc: 0.99588, fpr: 0.00235, fnr: 0.02790, rec: 0.97210, prc: 0.96852, f1: 0.97030, auroc: 0.99623
epoch: 46, passed number of graphs: 768, train running loss: 0.00874 (passed time: 37m 35s)
          acc: 0.99613, fpr: 0.00241, fnr: 0.02345, rec: 0.97655, prc: 0.96794, f1: 0.97222, auroc: 0.99755
Validation --- epoch: 46, loss: 0.01703
          rec: 0.97697, fnr: 0.02303, fpr: 0.00238, auroc: 0.99689, f1: 0.97270, acc: 0.99618, prc: 0.96855
model saved at ./saved_models/chord_model_lay12_rh1_int_rw_ep50.pt.
epoch: 47, passed number of graphs: 96, train running loss: 0.00919 (passed time: 37m 49s)
          acc: 0.99628, fpr: 0.00211, fnr: 0.02535, rec: 0.97465, prc: 0.97173, f1: 0.97319, auroc: 0.99681
epoch: 47, passed number of graphs: 192, train running loss: 0.00889 (passed time: 37m 54s)
          acc: 0.99603, fpr: 0.00215, fnr: 0.02830, rec: 0.97170, prc: 0.97136, f1: 0.97153, auroc: 0.99629
epoch: 47, passed number of graphs: 288, train running loss: 0.00873 (passed time: 37m 59s)
          acc: 0.99677, fpr: 0.00186, fnr: 0.02175, rec: 0.97825, prc: 0.97513, f1: 0.97669, auroc: 0.99612
epoch: 47, passed number of graphs: 384, train running loss: 0.00912 (passed time: 38m 4s)
          acc: 0.99431, fpr: 0.00438, fnr: 0.02280, rec: 0.97720, prc: 0.94452, f1: 0.96058, auroc: 0.99845
epoch: 47, passed number of graphs: 480, train running loss: 0.00903 (passed time: 38m 9s)
          acc: 0.99634, fpr: 0.00205, fnr: 0.02485, rec: 0.97515, prc: 0.97316, f1: 0.97415, auroc: 0.99796
epoch: 47, passed number of graphs: 576, train running loss: 0.00893 (passed time: 38m 15s)
          acc: 0.99623, fpr: 0.00216, fnr: 0.02535, rec: 0.97465, prc: 0.97096, f1: 0.97280, auroc: 0.99705
epoch: 47, passed number of graphs: 672, train running loss: 0.00890 (passed time: 38m 20s)
          acc: 0.99599, fpr: 0.00252, fnr: 0.02405, rec: 0.97595, prc: 0.96648, f1: 0.97119, auroc: 0.99615
epoch: 47, passed number of graphs: 768, train running loss: 0.00886 (passed time: 38m 25s)
          acc: 0.99636, fpr: 0.00204, fnr: 0.02520, rec: 0.97480, prc: 0.97271, f1: 0.97375, auroc: 0.99763
Validation --- epoch: 47, loss: 0.01649
          rec: 0.97753, fnr: 0.02247, fpr: 0.00304, auroc: 0.99817, f1: 0.96874, acc: 0.99561, prc: 0.96021
model saved at ./saved_models/chord_model_lay12_rh1_int_rw_ep50.pt.
epoch: 48, passed number of graphs: 96, train running loss: 0.01005 (passed time: 38m 38s)
          acc: 0.99544, fpr: 0.00316, fnr: 0.02340, rec: 0.97660, prc: 0.95825, f1: 0.96734, auroc: 0.99670
epoch: 48, passed number of graphs: 192, train running loss: 0.00937 (passed time: 38m 44s)
          acc: 0.99608, fpr: 0.00219, fnr: 0.02695, rec: 0.97305, prc: 0.97082, f1: 0.97193, auroc: 0.99667
epoch: 48, passed number of graphs: 288, train running loss: 0.00889 (passed time: 38m 49s)
          acc: 0.99707, fpr: 0.00140, fnr: 0.02345, rec: 0.97655, prc: 0.98106, f1: 0.97880, auroc: 0.99523
epoch: 48, passed number of graphs: 384, train running loss: 0.00872 (passed time: 38m 54s)
          acc: 0.99553, fpr: 0.00309, fnr: 0.02260, rec: 0.97740, prc: 0.96031, f1: 0.96878, auroc: 0.99822
epoch: 48, passed number of graphs: 480, train running loss: 0.00867 (passed time: 38m 59s)
          acc: 0.99633, fpr: 0.00206, fnr: 0.02485, rec: 0.97515, prc: 0.97301, f1: 0.97408, auroc: 0.99777
epoch: 48, passed number of graphs: 576, train running loss: 0.00859 (passed time: 39m 4s)
          acc: 0.99556, fpr: 0.00272, fnr: 0.02765, rec: 0.97235, prc: 0.96368, f1: 0.96799, auroc: 0.99762
epoch: 48, passed number of graphs: 672, train running loss: 0.00853 (passed time: 39m 9s)
          acc: 0.99518, fpr: 0.00321, fnr: 0.02645, rec: 0.97355, prc: 0.95751, f1: 0.96546, auroc: 0.99830
epoch: 48, passed number of graphs: 768, train running loss: 0.00870 (passed time: 39m 15s)
          acc: 0.99609, fpr: 0.00249, fnr: 0.02290, rec: 0.97710, prc: 0.96690, f1: 0.97197, auroc: 0.99784
Validation --- epoch: 48, loss: 0.01705
          rec: 0.97850, fnr: 0.02150, fpr: 0.00298, auroc: 0.99767, f1: 0.96963, acc: 0.99573, prc: 0.96103
EarlyStopping counter: 1 out of 5
epoch: 49, passed number of graphs: 96, train running loss: 0.00858 (passed time: 39m 28s)
          acc: 0.99501, fpr: 0.00384, fnr: 0.02040, rec: 0.97960, prc: 0.94992, f1: 0.96453, auroc: 0.99900
epoch: 49, passed number of graphs: 192, train running loss: 0.00831 (passed time: 39m 33s)
          acc: 0.99630, fpr: 0.00193, fnr: 0.02720, rec: 0.97280, prc: 0.97421, f1: 0.97351, auroc: 0.99622
epoch: 49, passed number of graphs: 288, train running loss: 0.00827 (passed time: 39m 38s)
          acc: 0.99681, fpr: 0.00159, fnr: 0.02470, rec: 0.97530, prc: 0.97858, f1: 0.97694, auroc: 0.99590
epoch: 49, passed number of graphs: 384, train running loss: 0.00820 (passed time: 39m 43s)
          acc: 0.99646, fpr: 0.00191, fnr: 0.02485, rec: 0.97515, prc: 0.97496, f1: 0.97505, auroc: 0.99675
epoch: 49, passed number of graphs: 480, train running loss: 0.00816 (passed time: 39m 48s)
          acc: 0.99619, fpr: 0.00243, fnr: 0.02190, rec: 0.97810, prc: 0.96837, f1: 0.97321, auroc: 0.99833
epoch: 49, passed number of graphs: 576, train running loss: 0.00815 (passed time: 39m 53s)
          acc: 0.99605, fpr: 0.00222, fnr: 0.02725, rec: 0.97275, prc: 0.97013, f1: 0.97144, auroc: 0.99709
epoch: 49, passed number of graphs: 672, train running loss: 0.00815 (passed time: 39m 58s)
          acc: 0.99455, fpr: 0.00419, fnr: 0.02235, rec: 0.97765, prc: 0.94550, f1: 0.96131, auroc: 0.99890
epoch: 49, passed number of graphs: 768, train running loss: 0.00820 (passed time: 40m 4s)
          acc: 0.99672, fpr: 0.00151, fnr: 0.02705, rec: 0.97295, prc: 0.97956, f1: 0.97624, auroc: 0.99645
Validation --- epoch: 49, loss: 0.01523
          rec: 0.97316, fnr: 0.02684, fpr: 0.00204, auroc: 0.99708, f1: 0.97296, acc: 0.99624, prc: 0.97282
model saved at ./saved_models/chord_model_lay12_rh1_int_rw_ep50.pt.
epoch: 50, passed number of graphs: 96, train running loss: 0.00829 (passed time: 40m 17s)
          acc: 0.99521, fpr: 0.00360, fnr: 0.02075, rec: 0.97925, prc: 0.95286, f1: 0.96587, auroc: 0.99899
epoch: 50, passed number of graphs: 192, train running loss: 0.00833 (passed time: 40m 22s)
          acc: 0.99658, fpr: 0.00159, fnr: 0.02775, rec: 0.97225, prc: 0.97866, f1: 0.97544, auroc: 0.99569
epoch: 50, passed number of graphs: 288, train running loss: 0.00855 (passed time: 40m 27s)
          acc: 0.99629, fpr: 0.00209, fnr: 0.02545, rec: 0.97455, prc: 0.97193, f1: 0.97324, auroc: 0.99589
epoch: 50, passed number of graphs: 384, train running loss: 0.00848 (passed time: 40m 32s)
          acc: 0.99643, fpr: 0.00188, fnr: 0.02570, rec: 0.97430, prc: 0.97532, f1: 0.97481, auroc: 0.99637
epoch: 50, passed number of graphs: 480, train running loss: 0.00834 (passed time: 40m 37s)
          acc: 0.99651, fpr: 0.00195, fnr: 0.02380, rec: 0.97620, prc: 0.97445, f1: 0.97532, auroc: 0.99731
epoch: 50, passed number of graphs: 576, train running loss: 0.00831 (passed time: 40m 42s)
          acc: 0.99541, fpr: 0.00288, fnr: 0.02755, rec: 0.97245, prc: 0.96163, f1: 0.96701, auroc: 0.99754
epoch: 50, passed number of graphs: 672, train running loss: 0.00826 (passed time: 40m 47s)
          acc: 0.99582, fpr: 0.00277, fnr: 0.02315, rec: 0.97685, prc: 0.96327, f1: 0.97001, auroc: 0.99692
epoch: 50, passed number of graphs: 768, train running loss: 0.00826 (passed time: 40m 53s)
          acc: 0.99692, fpr: 0.00165, fnr: 0.02240, rec: 0.97760, prc: 0.97789, f1: 0.97775, auroc: 0.99573
Validation --- epoch: 50, loss: 0.01590
          rec: 0.97929, fnr: 0.02071, fpr: 0.00303, auroc: 0.99837, f1: 0.96970, acc: 0.99574, prc: 0.96042
EarlyStopping counter: 1 out of 5
************ best model obtained after epoch 49, saved at ./saved_models/chord_model_lay12_rh1_int_rw_ep50.pt ************
Testing --- loss: 0.01550
          rec: 0.97277, fnr: 0.02723, fpr: 0.00202, auroc: 0.99712, f1: 0.97286, acc: 0.99623, prc: 0.97297
